C51 COMPILER V9.54   MAIN                                                                  05/05/2023 19:18:18 PAGE 1   


C51 COMPILER V9.54, COMPILATION OF MODULE MAIN
OBJECT MODULE PLACED IN .\Objects\main.obj
COMPILER INVOKED BY: D:\Keil_v5\C51\BIN\C51.EXE main.c OPTIMIZE(8,SPEED) BROWSE DEBUG OBJECTEXTEND PRINT(.\Listings\main
                    -.lst) TABS(2) OBJECT(.\Objects\main.obj)

line level    source

   1          #include <REGX52.H>
   2          #include "Delay.h"
   3          
   4          
   5          
   6          void main()
   7          {
   8   1        
   9   1        unsigned int i=0;
  10   1        while(1)
  11   1        {
  12   2          for(i=0;i<8;i++)
  13   2          {
  14   3            P2=~(0X01<<i);
  15   3            Delay(50);
  16   3          }
  17   2          for(i=6;i>0;i--)
  18   2          {
  19   3            P2=~(0X01<<i);
  20   3            Delay(50);    
  21   3          }
  22   2        }
  23   1      }


MODULE INFORMATION:   STATIC OVERLAYABLE
   CODE SIZE        =    100    ----
   CONSTANT SIZE    =   ----    ----
   XDATA SIZE       =   ----    ----
   PDATA SIZE       =   ----    ----
   DATA SIZE        =   ----       2
   IDATA SIZE       =   ----    ----
   BIT SIZE         =   ----    ----
END OF MODULE INFORMATION.


C51 COMPILATION COMPLETE.  0 WARNING(S),  0 ERROR(S)
