C51 COMPILER V9.54   MAIN                                                                  05/19/2023 23:03:48 PAGE 1   


C51 COMPILER V9.54, COMPILATION OF MODULE MAIN
OBJECT MODULE PLACED IN .\Objects\main.obj
COMPILER INVOKED BY: D:\Keil_v5\C51\BIN\C51.EXE main.c OPTIMIZE(8,SPEED) BROWSE DEBUG OBJECTEXTEND PRINT(.\Listings\main
                    -.lst) TABS(2) OBJECT(.\Objects\main.obj)

line level    source

   1          #include <REGX52.H>
   2          #include "Timer0.h"
   3          #include "Delay.h"
   4          
   5          unsigned char Ton;
   6          void main()
   7          {
   8   1        int i;
   9   1        Timer_Init();
  10   1        while(1)
  11   1        {
  12   2          for(i=0;i<=100;i++)
  13   2          {
  14   3            Ton=i;
  15   3            Delay(5);
  16   3          }
  17   2          for(i=100;i>=0;i--)
  18   2          {
  19   3            Ton=i;
  20   3            Delay(5);
  21   3          }
  22   2        }
  23   1      }
  24          
  25          void Timer0_Routine() interrupt 1
  26          {
  27   1          static unsigned int count;
  28   1          TH0=0xFF;
  29   1          TL0=0x9c;
  30   1          count++;
  31   1          count%=100;
  32   1          if(count<Ton)
  33   1          {
  34   2            P2_1=0;
  35   2          }
  36   1          else
  37   1          {
  38   2            P2_1=1;
  39   2          }
  40   1      
  41   1      }
  42          
  43          //sbit DA=P2^1;
  44          
  45          //unsigned char Counter,Compare;  //???????,????PWM
  46          //unsigned char i;
  47          
  48          //void main()
  49          //{
  50          //  Timer_Init();
  51          //  while(1)
  52          //  {
  53          //    for(i=0;i<100;i++)
  54          //    {
C51 COMPILER V9.54   MAIN                                                                  05/19/2023 23:03:48 PAGE 2   

  55          //      Compare=i;      //?????,??PWM???
  56          //      Delay(10);
  57          //    }
  58          //    for(i=100;i>0;i--)
  59          //    {
  60          //      Compare=i;      //?????,??PWM???
  61          //      Delay(10);
  62          //    }
  63          //  }
  64          //}
  65          
  66          //void Timer0_Routine() interrupt 1
  67          //{
  68          //  TL0 = 0x9C;   //??????
  69          //  TH0 = 0xFF;   //??????
  70          //  Counter++;
  71          //  Counter%=100; //??????????0~99
  72          //  if(Counter<Compare) //????????
  73          //  {
  74          //    DA=1;   //??1
  75          //  }
  76          //  else        //????????
  77          //  {
  78          //    DA=0;   //??0
  79          //  }
  80          //}


MODULE INFORMATION:   STATIC OVERLAYABLE
   CODE SIZE        =    153    ----
   CONSTANT SIZE    =   ----    ----
   XDATA SIZE       =   ----    ----
   PDATA SIZE       =   ----    ----
   DATA SIZE        =      3       2
   IDATA SIZE       =   ----    ----
   BIT SIZE         =   ----    ----
END OF MODULE INFORMATION.


C51 COMPILATION COMPLETE.  0 WARNING(S),  0 ERROR(S)
