C51 COMPILER V9.54   MAIN                                                                  05/19/2023 22:47:03 PAGE 1   


C51 COMPILER V9.54, COMPILATION OF MODULE MAIN
OBJECT MODULE PLACED IN .\Objects\main.obj
COMPILER INVOKED BY: D:\Keil_v5\C51\BIN\C51.EXE main.c OPTIMIZE(8,SPEED) BROWSE DEBUG OBJECTEXTEND PRINT(.\Listings\main
                    -.lst) TABS(2) OBJECT(.\Objects\main.obj)

line level    source

   1          #include <REGX52.H>
   2          #include "LCD1602.h"
   3          #include "Delay.h"
   4          #include "XPT2046.h"
   5          unsigned int ADValue;
   6          
   7          void main()
   8          {
   9   1        LCD_Init();
  10   1        LCD_ShowString(1,1,"ADJ NTC RG");
  11   1        while(1)
  12   1        {
  13   2          ADValue=XPT2046_ReadAD(XPT2046_XP);
  14   2          LCD_ShowNum(2,1,ADValue,3);
  15   2          ADValue=XPT2046_ReadAD(XPT2046_YP);
  16   2          LCD_ShowNum(2,5,ADValue,3);
  17   2          ADValue=XPT2046_ReadAD(XPT2046_VBAT);
  18   2          LCD_ShowNum(2,9,ADValue,3);
  19   2          Delay(10);
  20   2        }
  21   1      }


MODULE INFORMATION:   STATIC OVERLAYABLE
   CODE SIZE        =     94    ----
   CONSTANT SIZE    =     11    ----
   XDATA SIZE       =   ----    ----
   PDATA SIZE       =   ----    ----
   DATA SIZE        =      2    ----
   IDATA SIZE       =   ----    ----
   BIT SIZE         =   ----    ----
END OF MODULE INFORMATION.


C51 COMPILATION COMPLETE.  0 WARNING(S),  0 ERROR(S)
