C251 COMPILER V5.60.0,  Timer                                                              31/05/23  23:53:52  PAGE 1   


C251 COMPILER V5.60.0, COMPILATION OF MODULE Timer
OBJECT MODULE PLACED IN .\Objects\Timer.obj
COMPILER INVOKED BY: C:\Keil_v5\C251\BIN\C251.EXE Timer.c INTR2 BROWSE DEBUG PRINT(.\Listings\Timer.lst) TABS(2) OBJECT(
                    -.\Objects\Timer.obj) 

stmt  level    source

    1          #include <STC32G.H>
    2          
    3          
    4          
    5          /*--------------------------------------------------------------*/
    6          /* --- -----------------实验内容 -------------------------------*/
    7          /* --- 1-了解STC-ISP工具生产延时函数方法 -----------------------*/
    8          /* --- 2-掌握子函数的创建与调用---------------------------------*/
    9          /* --- 实验平台：未来电子STC32核心板----------------------------*/
   10          /* --- 视频学习：https://space.bilibili.com/494969171 ----------*/
   11          /* --- QQ交流群：702805632 -------------------------------------*/
   12          /* --- 参考资料：STC32实验室参考例程 ---------------------------*/
   13          /*--------------------------------------------------------------*/ 
   14          
   15          
   16          /***********************************************************
   17          功能描述：定时器4初始化  1MS
   18          入口参数：无
   19          返回值：无
   20          ************************************************************/
   21          void Timer4Init(void)
   22          {
   23   1        T4T3M &= 0xBF;                  //定时器4设置为定时方式
   24   1        T4T3M |= 0x20;                  //设置定时器4为1T模式
   25   1        T4L = 0xE8;;                     //1T模式下初始装载值 
   26   1        T4H = 0xFF;                     //1T模式下初始装载值 
   27   1        IE2  |=  (1<<6);                //使能定时器4中断
   28   1        T4T3M |= 0x80;                  //打开定时器4
   29   1        EA=1;
   30   1      } 


Module Information          Static   Overlayable
------------------------------------------------
  code size            =        21     ------
  ecode size           =    ------     ------
  data size            =    ------     ------
  idata size           =    ------     ------
  pdata size           =    ------     ------
  xdata size           =    ------     ------
  xdata-const size     =    ------     ------
  edata size           =    ------     ------
  bit size             =    ------     ------
  ebit size            =    ------     ------
  bitaddressable size  =    ------     ------
  ebitaddressable size =    ------     ------
  far data size        =    ------     ------
  huge data size       =    ------     ------
  const size           =    ------     ------
  hconst size          =    ------     ------
End of Module Information.


C251 COMPILATION COMPLETE.  0 WARNING(S),  0 ERROR(S)
