C51 COMPILER V9.54   HX711                                                                 06/14/2023 16:02:23 PAGE 1   


C51 COMPILER V9.54, COMPILATION OF MODULE HX711
OBJECT MODULE PLACED IN .\list\HX711.obj
COMPILER INVOKED BY: C:\Keil_v5\C51\BIN\C51.EXE USER\HX711.c LARGE OPTIMIZE(8,SPEED) BROWSE INCDIR(.\LIB;.\USER;.\SYS) D
                    -EBUG OBJECTEXTEND PRINT(.\list\HX711.lst) TABS(2) OBJECT(.\list\HX711.obj)

line level    source

   1          #include "HX711.h"
   2          
   3          
   4          
   5          //****************************************************
   6          //延时函数
   7          //****************************************************
   8          void Delay__hx711_us(void)
   9          {
  10   1        _nop_();
  11   1        _nop_();
  12   1      }
  13          
  14          //*********************************************************
  15          //初始化函数
  16          //*********************************************************
  17          void HX711_Init()
  18          {
  19   1        GPIO_InitTypeDef GPIOx;
  20   1        GPIOx.Mode=GPIO_OUT_PP;
  21   1        GPIOx.Pin=GPIO_Pin_4; 
  22   1        GPIO_Inilize(GPIO_P3,&GPIOx);
  23   1        
  24   1        GPIOx.Mode=GPIO_PullUp;
  25   1        GPIOx.Pin=GPIO_Pin_3; 
  26   1        GPIO_Inilize(GPIO_P3,&GPIOx);
  27   1      }
  28          
  29          //****************************************************
  30          //读取HX711
  31          //****************************************************
  32          unsigned long HX711_Read(void)  //增益128
  33          {
  34   1        unsigned long count; 
  35   1        unsigned char i; 
  36   1          HX711_DOUT=1; 
  37   1        Delay__hx711_us();
  38   1          HX711_SCK=0; 
  39   1          count=0;
  40   1        EA = 1; 
  41   1          while(HX711_DOUT); 
  42   1        EA = 0;
  43   1          for(i=0;i<24;i++)
  44   1        { 
  45   2            HX711_SCK=1; 
  46   2            count=count<<1; 
  47   2          HX711_SCK=0; 
  48   2            if(HX711_DOUT)
  49   2            count++; 
  50   2        } 
  51   1        HX711_SCK=1; 
  52   1          count=count^0x800000;//第25个脉冲下降沿来时，转换数据
  53   1        Delay__hx711_us();
  54   1        HX711_SCK=0;  
C51 COMPILER V9.54   HX711                                                                 06/14/2023 16:02:23 PAGE 2   

  55   1        EA = 1; 
  56   1      
  57   1        return(count);
  58   1      }
  59          
  60          
  61          
  62          
  63          
  64          


MODULE INFORMATION:   STATIC OVERLAYABLE
   CODE SIZE        =    187    ----
   CONSTANT SIZE    =   ----    ----
   XDATA SIZE       =   ----       6
   PDATA SIZE       =   ----    ----
   DATA SIZE        =   ----    ----
   IDATA SIZE       =   ----    ----
   BIT SIZE         =   ----    ----
END OF MODULE INFORMATION.


C51 COMPILATION COMPLETE.  0 WARNING(S),  0 ERROR(S)
