C51 COMPILER V9.54   SCALE                                                                 06/14/2023 16:02:23 PAGE 1   


C51 COMPILER V9.54, COMPILATION OF MODULE SCALE
OBJECT MODULE PLACED IN .\list\Scale.obj
COMPILER INVOKED BY: C:\Keil_v5\C51\BIN\C51.EXE USER\Scale.c LARGE OPTIMIZE(8,SPEED) BROWSE INCDIR(.\LIB;.\USER;.\SYS) D
                    -EBUG OBJECTEXTEND PRINT(.\list\Scale.lst) TABS(2) OBJECT(.\list\Scale.obj)

line level    source

   1          #include "Scale.h"
   2          #include "stdlib.h"
   3          
   4          long Weight_Maopi;
   5          u8 Flag_ERROR;
   6          u16 GapValue=400;
   7          
   8          //****************************************************
   9          //称重
  10          //****************************************************
  11          long Get_Weight()
  12          {
  13   1        long Weight_Shiwu=0,Weight_Temp=0;;
  14   1        Weight_Shiwu = HX711_Read();
  15   1        if(Weight_Shiwu<(Weight_Maopi-10))
  16   1        {
  17   2          Weight_Shiwu=Weight_Maopi-Weight_Shiwu;
  18   2          Flag_ERROR=2;
  19   2        }
  20   1        else if(Weight_Shiwu>=Weight_Maopi-10)
  21   1        {
  22   2          Weight_Shiwu = Weight_Shiwu - Weight_Maopi;   //获取净重
  23   2          Flag_ERROR = 0;
  24   2        }
  25   1        
  26   1        
  27   1          Weight_Shiwu = (unsigned long)(((float)Weight_Shiwu*25)/GapValue);  //计算实物的实际重量
  28   1                                          
  29   1          if(Weight_Shiwu > 500000)   //超重报警
  30   1          {
  31   2            Flag_ERROR = 1;
  32   2          }
  33   1          else
  34   1          {     
  35   2            if(Weight_Shiwu%10>5)
  36   2            {
  37   3              Weight_Shiwu=((Weight_Shiwu/10)*10)+5;
  38   3            }
  39   2            else
  40   2            {
  41   3              Weight_Shiwu=((Weight_Shiwu/10)*10);
  42   3            }
  43   2            
  44   2            if(Weight_Shiwu%10==0&&Weight_Shiwu/10%10==0&&Weight_Shiwu/100%10==0&&Weight_Shiwu/1000%10==0&&Weight_S
             -hiwu/10000%10==0&&Weight_Shiwu/100000%10==0)                                
  45   2            {
  46   3              Flag_ERROR = 0;       
  47   3            }
  48   2            return Weight_Shiwu;
  49   2          }
  50   1        Flag_ERROR=0;
  51   1        return 0;
  52   1      }
  53          
C51 COMPILER V9.54   SCALE                                                                 06/14/2023 16:02:23 PAGE 2   

  54          //****************************************************
  55          //获取毛皮重量
  56          //****************************************************
  57          void Get_Maopi()
  58          { 
  59   1        Weight_Maopi = HX711_Read();
  60   1      } 


MODULE INFORMATION:   STATIC OVERLAYABLE
   CODE SIZE        =    769    ----
   CONSTANT SIZE    =   ----    ----
   XDATA SIZE       =      7       8
   PDATA SIZE       =   ----    ----
   DATA SIZE        =   ----    ----
   IDATA SIZE       =   ----    ----
   BIT SIZE         =   ----    ----
END OF MODULE INFORMATION.


C51 COMPILATION COMPLETE.  0 WARNING(S),  0 ERROR(S)
