C51 COMPILER V9.54   TIMER0                                                                06/14/2023 16:02:23 PAGE 1   


C51 COMPILER V9.54, COMPILATION OF MODULE TIMER0
OBJECT MODULE PLACED IN .\list\timer0.obj
COMPILER INVOKED BY: C:\Keil_v5\C51\BIN\C51.EXE USER\timer0.c LARGE OPTIMIZE(8,SPEED) BROWSE INCDIR(.\LIB;.\USER;.\SYS) 
                    -DEBUG OBJECTEXTEND PRINT(.\list\timer0.lst) TABS(2) OBJECT(.\list\timer0.obj)

line level    source

   1          #include "timer.h"
   2          
   3          /************************ 定时器配置 ****************************/
   4          void  Timer0_Init(void)
   5          {
   6   1        TIM_InitTypeDef   TIM_InitStructure;            //结构定义
   7   1        TIM_InitStructure.TIM_Mode      = TIM_16BitAutoReload;  //指定工作模式,   TIM_16BitAutoReload,TIM_16Bit,TI
             -M_8BitAutoReload,TIM_16BitAutoReloadNoMask
   8   1        TIM_InitStructure.TIM_Priority    = Priority_0;     //指定中断优先级(低到高) Priority_0,Priority_1,Priority
             -_2,Priority_3
   9   1        TIM_InitStructure.TIM_Interrupt = ENABLE;         //中断是否允许,   ENABLE或DISABLE
  10   1        TIM_InitStructure.TIM_ClkSource = TIM_CLOCK_1T;   //指定时钟源,     TIM_CLOCK_1T,TIM_CLOCK_12T,TIM_CLOCK_E
             -xt
  11   1        TIM_InitStructure.TIM_ClkOut    = DISABLE;        //是否输出高速脉冲, ENABLE或DISABLE
  12   1        TIM_InitStructure.TIM_Value     = 65536UL - (MAIN_Fosc / 1000UL);   //初值,
  13   1        TIM_InitStructure.TIM_Run       = ENABLE;         //是否初始化后启动定时器, ENABLE或DISABLE
  14   1        Timer_Inilize(Timer0,&TIM_InitStructure);         //初始化Timer0    Timer0,Timer1,Timer2,Timer3,Timer4
  15   1        
  16   1      }


MODULE INFORMATION:   STATIC OVERLAYABLE
   CODE SIZE        =     37    ----
   CONSTANT SIZE    =   ----    ----
   XDATA SIZE       =   ----       8
   PDATA SIZE       =   ----    ----
   DATA SIZE        =   ----    ----
   IDATA SIZE       =   ----    ----
   BIT SIZE         =   ----    ----
END OF MODULE INFORMATION.


C51 COMPILATION COMPLETE.  0 WARNING(S),  0 ERROR(S)
