C51 COMPILER V9.54   TM1668                                                                06/14/2023 16:02:23 PAGE 1   


C51 COMPILER V9.54, COMPILATION OF MODULE TM1668
OBJECT MODULE PLACED IN .\list\TM1668.obj
COMPILER INVOKED BY: C:\Keil_v5\C51\BIN\C51.EXE USER\TM1668.c LARGE OPTIMIZE(8,SPEED) BROWSE INCDIR(.\LIB;.\USER;.\SYS) 
                    -DEBUG OBJECTEXTEND PRINT(.\list\TM1668.lst) TABS(2) OBJECT(.\list\TM1668.obj)

line level    source

   1          #include "TM1668.h"
   2          #include <intrins.h>       /* ??void _nop_(void); */
   3          #include "GPIO.h"
   4          
   5          unsigned char code CODE[]={
   6              0x3F,0x06,0x5B,0x4F,0x66,0x6D,0x7D,0x07,0x7F,0x6F,0x3F+0x80,0x06+0x80,0x5B+0x80,0x4F+0x80,0x66+0x80,0x
             -6D+0x80,0x7D+0x80,0x07+0x80,0x7F+0x80,0x6F+0x80,0x40,0x00,0x79};
   7          unsigned char TAB[10]={
   8              0x00,0x00,0x00,0x00,0x00,0x00,0x00,0x00,0x00,0x00};
   9          
  10          static void Delay(unsigned char n)
  11          {
  12   1        unsigned char i = 0;
  13   1        for (i = 0; i < n; i++)
  14   1        {
  15   2          _nop_();  
  16   2        }
  17   1      }
  18          
  19          /*
  20              开始
  21          */
  22          void TM1668_Start(void)
  23          {
  24   1        GPIO_CLK  = 1;
  25   1          GPIO_DIO  = 1;
  26   1          GPIO_STB  = 0;
  27   1        Delay(1);
  28   1      }
  29          
  30          /*
  31              结束
  32          */
  33          void TM1668_End(void)
  34          {
  35   1        GPIO_CLK  = 1;
  36   1          GPIO_DIO  = 1;
  37   1          GPIO_STB  = 1;
  38   1        Delay(1);
  39   1      }
  40          
  41          /*
  42              写一个字节
  43          */
  44          void TM1668_WriteByte(unsigned char byte)
  45          {
  46   1        unsigned char i = 0;
  47   1      
  48   1        for(i=0; i<8; i++)
  49   1        {
  50   2          GPIO_CLK = 0;
  51   2          Delay(1);
  52   2          GPIO_DIO = (byte&0x01);
  53   2          Delay(1);
C51 COMPILER V9.54   TM1668                                                                06/14/2023 16:02:23 PAGE 2   

  54   2          GPIO_CLK = 1;
  55   2          Delay(1);
  56   2          byte>>=1;
  57   2          Delay(1);
  58   2        }
  59   1      }
  60          
  61          
  62          /*
  63            固定地址写，地址增加模式，从第一个位置开始
  64            p:要写的数据首地址    nBytes:个数(<=14)   brightness:亮度
  65           */
  66          void TM1668_WriteBytesAddrIncrease(unsigned char *p, unsigned char nBytes, unsigned char brightness)
  67          {
  68   1        unsigned char i = 0;
  69   1      
  70   1        TM1668_Start();
  71   1        TM1668_WriteByte(GRID7_SEG10);        /* 7位10段 */
  72   1        TM1668_End();
  73   1      
  74   1        TM1668_Start();
  75   1        TM1668_WriteByte(CMD_DataWriteIncrease);  /* 固定地址模试增加模式 */
  76   1        TM1668_End();
  77   1      
  78   1        TM1668_Start();
  79   1        TM1668_WriteByte(ADD_00H);          /* 从第一个地址开始 */
  80   1        for (i = 0; i < nBytes; i++)
  81   1        {
  82   2          TM1668_WriteByte(p[i]);           //要写1-8位的字节，
  83   2          TM1668_WriteByte(p[i]);             //写9――14的字节，因为没有用到可以写00
  84   2        }
  85   1        TM1668_End();                         //结束
  86   1      
  87   1        TM1668_Start();                       //开始
  88   1        TM1668_WriteByte(brightness);       /* 调节亮度 */
  89   1        TM1668_End();
  90   1      }
  91          
  92          /*
  93            固定地址模式，这个函数是从第一个地址往后增加了，后上面一样
  94            p:???????   nBytes:??????(<=14)   brightness:????
  95           */
  96          void TM1668_WriteBytesAddrFixed(unsigned char *p, unsigned char nBytes, unsigned char brightness)
  97          {
  98   1        unsigned char i = 0;
  99   1      
 100   1        TM1668_Start();
 101   1        TM1668_WriteByte(GRID7_SEG10);        /*7位10段*/
 102   1        TM1668_End();
 103   1      
 104   1        TM1668_Start();
 105   1        TM1668_WriteByte(CMD_DataWriteFixed);   /* 固定地址 */
 106   1        TM1668_End();
 107   1      
 108   1        for (i = 0; i < nBytes; i++)
 109   1        {
 110   2          TM1668_Start();
 111   2          TM1668_WriteByte(ADD_00H + i);      /* 地址 */
 112   2          TM1668_WriteByte(p[i]);
 113   2          TM1668_End();
 114   2        }
 115   1      
C51 COMPILER V9.54   TM1668                                                                06/14/2023 16:02:23 PAGE 3   

 116   1        TM1668_Start();
 117   1        TM1668_WriteByte(brightness);       /* 亮度 */
 118   1        TM1668_End();
 119   1      }
 120          
 121          void TM1668_WriteBytesAddrF(unsigned char *p, unsigned char nBytes, unsigned char ADD)
 122          {
 123   1        unsigned char i = 0;
 124   1      
 125   1        TM1668_Start();
 126   1        TM1668_WriteByte(GRID7_SEG10);        /* 7位10段 */
 127   1        TM1668_End();
 128   1      
 129   1        TM1668_Start();
 130   1        TM1668_WriteByte(CMD_DataWriteFixed);   /* 固定地址模式 */
 131   1        TM1668_End();
 132   1      
 133   1        for (i = 0; i < nBytes; i++)
 134   1        {
 135   2          TM1668_Start();
 136   2          TM1668_WriteByte(ADD + i);      /* 地址 */
 137   2          TM1668_WriteByte(p[i]);
 138   2          TM1668_End();
 139   2        }
 140   1      
 141   1        TM1668_Start();
 142   1        TM1668_WriteByte(0x8F);       /* 亮度 */
 143   1        TM1668_End();
 144   1      }
 145          
 146          
 147          /*
 148              防止出现乱码
 149          */
 150          void TM1668_Init(void)
 151          {
 152   1        
 153   1        unsigned char i = 0;
 154   1      
 155   1        GPIO_InitTypeDef GPIOx;
 156   1        GPIOx.Mode=GPIO_OUT_PP;
 157   1        GPIOx.Pin=GPIO_Pin_6|GPIO_Pin_5|GPIO_Pin_7;
 158   1        
 159   1        GPIO_Inilize(GPIO_P0,&GPIOx);
 160   1        
 161   1        TM1668_Start();
 162   1        TM1668_WriteByte(GRID7_SEG10);        /* 设置7位10段模式 */
 163   1        TM1668_End();
 164   1      
 165   1        TM1668_Start();
 166   1        TM1668_WriteByte(CMD_DataWriteIncrease);  /* 地址增加 */
 167   1        TM1668_End();
 168   1      
 169   1        TM1668_Start();
 170   1        TM1668_WriteByte(ADD_00H);          /* 从第一地址开始写 */
 171   1        for (i = 0; i < 14; i++)
 172   1        {
 173   2          TM1668_WriteByte(0);
 174   2        }
 175   1        TM1668_End();
 176   1      
 177   1        TM1668_Start();
C51 COMPILER V9.54   TM1668                                                                06/14/2023 16:02:23 PAGE 4   

 178   1        TM1668_WriteByte(DSP_OFF);            /* 显示关 */
 179   1        TM1668_End();
 180   1        
 181   1      
 182   1      }
 183          
 184          void TM1668_DisPlay(unsigned char wei,unsigned char duan)
 185          {
 186   1        TAB[wei-1]=CODE[duan];
 187   1        TM1668_WriteBytesAddrIncrease(TAB,7,0x8F);
 188   1      }


MODULE INFORMATION:   STATIC OVERLAYABLE
   CODE SIZE        =    380    ----
   CONSTANT SIZE    =     23    ----
   XDATA SIZE       =     10      17
   PDATA SIZE       =   ----    ----
   DATA SIZE        =   ----    ----
   IDATA SIZE       =   ----    ----
   BIT SIZE         =   ----    ----
END OF MODULE INFORMATION.


C51 COMPILATION COMPLETE.  0 WARNING(S),  0 ERROR(S)
