C51 COMPILER V9.54   MAIN                                                                  05/17/2023 22:32:21 PAGE 1   


C51 COMPILER V9.54, COMPILATION OF MODULE MAIN
OBJECT MODULE PLACED IN .\Objects\main.obj
COMPILER INVOKED BY: D:\Keil_v5\C51\BIN\C51.EXE main.c OPTIMIZE(8,SPEED) BROWSE DEBUG OBJECTEXTEND PRINT(.\Listings\main
                    -.lst) TABS(2) OBJECT(.\Objects\main.obj)

line level    source

   1          #include <REGX52.H>
   2          #include "DS18B20.h"
   3          #include "LCD1602.h"
   4          #include "Delay.h"
   5          #include "AT24C02.h"
   6          #include "Key.h"
   7          #include "Timer0.h"
   8          
   9          float T,TShow;
  10          
  11          void main()
  12          {
  13   1        char TH=0,TL=0;
  14   1        unsigned char K;
  15   1        Timer0Init();
  16   1        TH=AT24C02_ReadByte(0);
  17   1        TL=AT24C02_ReadByte(1);
  18   1        if(TH>125||TL<-55||TH<TL)
  19   1        {
  20   2          TH=25;
  21   2          TL=18;
  22   2        }
  23   1        LCD_Init();
  24   1        LCD_ShowString(1,1,"T:");
  25   1        LCD_ShowString(2,1,"TH:");
  26   1        LCD_ShowString(2,9,"TL:");
  27   1        LCD_ShowSignedNum(2,4,TH,3);
  28   1        LCD_ShowSignedNum(2,12,TL,3);
  29   1        while(1)
  30   1        {
  31   2          K=Key();
  32   2          DS18B20_Init();
  33   2          T=DS18B20_ReadT();
  34   2          if(T<0)
  35   2          {
  36   3            LCD_ShowChar(1,3,'-');
  37   3            TShow=-T;
  38   3          }
  39   2          else
  40   2          {
  41   3            TShow=T;
  42   3            LCD_ShowChar(1,3,'+');
  43   3          }
  44   2          LCD_ShowNum(1,4,TShow,3);
  45   2          LCD_ShowString(1,7,".");
  46   2          LCD_ShowNum(1,8,(unsigned long)(TShow*10000)%10000,2);
  47   2          
  48   2          if(K)
  49   2        {
  50   3          if(K==1)
  51   3          {
  52   4            TH++;
  53   4            if(TH>125)TH=125;
  54   4          }
C51 COMPILER V9.54   MAIN                                                                  05/17/2023 22:32:21 PAGE 2   

  55   3          if(K==2)
  56   3          {
  57   4            TH--;
  58   4            if(TH<=TL)TH++;
  59   4          }
  60   3          if(K==3)
  61   3          {
  62   4            TL++;
  63   4            if(TL>=TH)TL--;
  64   4          }
  65   3          if(K==4)
  66   3          {
  67   4            TL--;
  68   4            if(TL<-55)TL=-55;
  69   4          }
  70   3          LCD_ShowSignedNum(2,4,TH,3);
  71   3          LCD_ShowSignedNum(2,12,TL,3);
  72   3          Delay(5);
  73   3          AT24C02_WiteByte(0,TH);
  74   3          Delay(5);
  75   3          AT24C02_WiteByte(1,TL);
  76   3        }
  77   2        if(T>TH)
  78   2        {
  79   3          LCD_ShowString(1,13,"OV:H");
  80   3        }
  81   2        else if(T<TL)
  82   2        {
  83   3          LCD_ShowString(1,13,"OV:L");
  84   3        }
  85   2        else
  86   2        {
  87   3          LCD_ShowString(1,13,"    ");
  88   3        }
  89   2        }
  90   1      }
  91          
  92          void Timer0_Routine() interrupt 1
  93          {
  94   1        static unsigned int T0Count;
  95   1        TL0 = 0x18;   //??????
  96   1        TH0 = 0xFC;   //??????
  97   1        T0Count++;
  98   1        if(T0Count>=20)
  99   1        {
 100   2          T0Count=0;
 101   2          Key_Loop();
 102   2        }
 103   1      }
 104          


MODULE INFORMATION:   STATIC OVERLAYABLE
   CODE SIZE        =    635    ----
   CONSTANT SIZE    =     28    ----
   XDATA SIZE       =   ----    ----
   PDATA SIZE       =   ----    ----
   DATA SIZE        =     10       3
   IDATA SIZE       =   ----    ----
   BIT SIZE         =   ----    ----
END OF MODULE INFORMATION.


C51 COMPILATION COMPLETE.  0 WARNING(S),  0 ERROR(S)
