C51 COMPILER V9.54   ONEWIRE                                                               05/17/2023 22:57:31 PAGE 1   


C51 COMPILER V9.54, COMPILATION OF MODULE ONEWIRE
OBJECT MODULE PLACED IN .\Objects\OneWire.obj
COMPILER INVOKED BY: D:\Keil_v5\C51\BIN\C51.EXE OneWire.c OPTIMIZE(8,SPEED) BROWSE DEBUG OBJECTEXTEND PRINT(.\Listings\O
                    -neWire.lst) TABS(2) OBJECT(.\Objects\OneWire.obj)

line level    source

   1          #include <REGX52.H>
   2          
   3          sbit OneWire_DQ=P3^7;
   4          
   5          unsigned char OneWire_Init()//初始化
   6          {
   7   1        unsigned char i;
   8   1        unsigned char AckBit;
   9   1        OneWire_DQ=1;//先保证DQ为高电平
  10   1        OneWire_DQ=0;//将DQ拉低
  11   1        i = 247;  while (--i);//Delay500us
  12   1        OneWire_DQ=1;//释放中线
  13   1        i = 32;while (--i);//等待70us，后从机就会相应
  14   1        AckBit=OneWire_DQ;//读取从机相应的值，0相应，1不想
  15   1        i = 247;  while (--i);//Delay500us
  16   1        return AckBit;
  17   1      }
  18          
  19          void OneWire_SendBit(unsigned char Bit)//发送一位
  20          {
  21   1        unsigned char i;
  22   1        EA=0;
  23   1        OneWire_DQ=0;
  24   1        i = 4;while (--i);
  25   1        OneWire_DQ=Bit;
  26   1        i = 24;while (--i); 
  27   1        OneWire_DQ=1; 
  28   1        EA=1;
  29   1      }
  30          
  31          unsigned char OneWire_ReceiveBit(void)
  32          {
  33   1        unsigned char i,Bit;
  34   1        EA=0;
  35   1        OneWire_DQ=0;
  36   1        i = 2;while (--i);
  37   1        OneWire_DQ=1;
  38   1        i = 2;while (--i);  
  39   1        Bit=OneWire_DQ;
  40   1        i = 24;while (--i); 
  41   1        EA=1;
  42   1        return Bit;
  43   1      }
  44          
  45          void OneWire_SendByte(unsigned char Byte)
  46          {
  47   1        unsigned char i;
  48   1        for(i=0;i<8;i++)
  49   1        {
  50   2          OneWire_SendBit(Byte&(0x01<<i));
  51   2        }
  52   1      }
  53          
  54          unsigned char OneWire_ReceiveByte()
C51 COMPILER V9.54   ONEWIRE                                                               05/17/2023 22:57:31 PAGE 2   

  55          {
  56   1        unsigned char i,Byte=0;
  57   1        for(i=0;i<8;i++)
  58   1        {
  59   2          if(OneWire_ReceiveBit())Byte|=(0x01<<i);
  60   2        }
  61   1        return Byte;
  62   1      }
  63          
  64          void SendByte(unsigned char Byte)
  65          {
  66   1        unsigned char i,j;
  67   1        for(j=0;j<8;j++)
  68   1        {
  69   2        OneWire_DQ=0;
  70   2        i = 4;while (--i);
  71   2        OneWire_DQ=Byte&(0x01<<i);
  72   2        i = 24;while (--i); 
  73   2        OneWire_DQ=1; 
  74   2        }
  75   1      }
  76          
  77          unsigned char ReceiveByte(void)
  78          {
  79   1        unsigned char i,j,Byte;
  80   1        for(j=0;j<8;j++)
  81   1        {
  82   2        OneWire_DQ=0;
  83   2        i = 2;while (--i);
  84   2        OneWire_DQ=1;
  85   2        i = 2;while (--i);  
  86   2        if(OneWire_DQ)Byte|=(0x01<<j);
  87   2        i = 24;while (--i);
  88   2        }   
  89   1        return Byte;
  90   1        
  91   1      }


MODULE INFORMATION:   STATIC OVERLAYABLE
   CODE SIZE        =    217    ----
   CONSTANT SIZE    =   ----    ----
   XDATA SIZE       =   ----    ----
   PDATA SIZE       =   ----    ----
   DATA SIZE        =   ----    ----
   IDATA SIZE       =   ----    ----
   BIT SIZE         =   ----    ----
END OF MODULE INFORMATION.


C51 COMPILATION COMPLETE.  0 WARNING(S),  0 ERROR(S)
