C51 COMPILER V9.54   DS1302                                                                05/08/2023 22:19:08 PAGE 1   


C51 COMPILER V9.54, COMPILATION OF MODULE DS1302
OBJECT MODULE PLACED IN .\Objects\DS1302.obj
COMPILER INVOKED BY: D:\Keil_v5\C51\BIN\C51.EXE DS1302.c OPTIMIZE(8,SPEED) BROWSE DEBUG OBJECTEXTEND PRINT(.\Listings\DS
                    -1302.lst) TABS(2) OBJECT(.\Objects\DS1302.obj)

line level    source

   1          #include <REGX52.H>
   2          
   3          #define DS1302_SECOND  0X80
   4          #define DS1302_MINUTE  0X82
   5          #define DS1302_HOUR    0X84
   6          #define DS1302_DATE    0X86
   7          #define DS1302_MONTH  0X88
   8          #define DS1302_DAY     0X8A
   9          #define DS1302_YEAR    0X8C
  10          #define DS1302_WP      0X8E
  11          
  12          sbit DS1302_SCLK=P3^6;
  13          sbit DS1302_IO=P3^4;
  14          sbit DS1302_CE=P3^5;
  15          
  16          unsigned char DS1302_Time[]={23,5,8,22,12,50,1};
  17          
  18          void DS1302_Init()
  19          {
  20   1        DS1302_CE=0;
  21   1        DS1302_SCLK=0;
  22   1      }
  23          
  24          void DS1302_WriteByte(unsigned char Command,Data)
  25          {
  26   1        unsigned char i=0;
  27   1        DS1302_CE=1;
  28   1        for(i=0;i<8;i++)
  29   1        {
  30   2          DS1302_IO=Command&(0x01<<i);
  31   2          DS1302_SCLK=1;
  32   2          DS1302_SCLK=0;
  33   2        }
  34   1        for(i=0;i<8;i++)
  35   1        {
  36   2          DS1302_IO=Data&(0x01<<i);
  37   2          DS1302_SCLK=1;
  38   2          DS1302_SCLK=0;
  39   2        }
  40   1        DS1302_CE=0;
  41   1      }
  42          
  43          unsigned char DS1302_ReadByte(unsigned char Comand)
  44          {
  45   1        unsigned char Byte=0;
  46   1        unsigned char i=0;
  47   1        Comand|=0X01;//改变为读命令
  48   1        DS1302_CE=1;
  49   1        for(i=0;i<8;i++)
  50   1        {
  51   2          DS1302_IO=Comand&(0x01<<i);
  52   2          DS1302_SCLK=0;
  53   2          DS1302_SCLK=1;//这里时序要好好注意一下
  54   2        } 
C51 COMPILER V9.54   DS1302                                                                05/08/2023 22:19:08 PAGE 2   

  55   1          for(i=0;i<8;i++)
  56   1          {
  57   2            DS1302_SCLK=1;
  58   2            DS1302_SCLK=0;
  59   2            if(DS1302_IO)Byte|=(0X01<<i);   
  60   2          }
  61   1        DS1302_CE=0;
  62   1        DS1302_IO=0;
  63   1      
  64   1      
  65   1        return Byte;
  66   1      }
  67          
  68          void Ds1302_SetTime(void)
  69          {
  70   1        DS1302_WriteByte(DS1302_WP,0);//关闭写保护
  71   1        DS1302_WriteByte(DS1302_YEAR,DS1302_Time[0]/10*16+DS1302_Time[0]%10);
  72   1        DS1302_WriteByte(DS1302_MONTH,DS1302_Time[1]/10*16+DS1302_Time[1]%10);
  73   1        DS1302_WriteByte(DS1302_DATE,DS1302_Time[2]/10*16+DS1302_Time[2]%10);
  74   1        DS1302_WriteByte(DS1302_HOUR,DS1302_Time[3]/10*16+DS1302_Time[3]%10);
  75   1        DS1302_WriteByte(DS1302_MINUTE,DS1302_Time[4]/10*16+DS1302_Time[5]%10);
  76   1        DS1302_WriteByte(DS1302_SECOND,DS1302_Time[5]/10*16+DS1302_Time[5]%10);
  77   1        DS1302_WriteByte(DS1302_DAY,DS1302_Time[6]/10*16+DS1302_Time[6]%10);
  78   1        DS1302_WriteByte(DS1302_WP,0X80);//打开写保护
  79   1      
  80   1      }
  81          
  82          void DS1302_ReadTime(void)
  83          {
  84   1        unsigned char Temp;
  85   1        Temp=DS1302_ReadByte(DS1302_YEAR);
  86   1        DS1302_Time[0]=Temp/16*10+Temp%16;
  87   1        Temp=DS1302_ReadByte(DS1302_MONTH);
  88   1        DS1302_Time[1]=Temp/16*10+Temp%16;
  89   1        Temp=DS1302_ReadByte(DS1302_DATE);
  90   1        DS1302_Time[2]=Temp/16*10+Temp%16;
  91   1        Temp=DS1302_ReadByte(DS1302_HOUR);
  92   1        DS1302_Time[3]=Temp/16*10+Temp%16;
  93   1        Temp=DS1302_ReadByte(DS1302_MINUTE);
  94   1        DS1302_Time[4]=Temp/16*10+Temp%16;
  95   1        Temp=DS1302_ReadByte(DS1302_SECOND);
  96   1        DS1302_Time[5]=Temp/16*10+Temp%16;
  97   1        Temp=DS1302_ReadByte(DS1302_DAY);
  98   1        DS1302_Time[6]=Temp/16*10+Temp%16;
  99   1      }


MODULE INFORMATION:   STATIC OVERLAYABLE
   CODE SIZE        =    551    ----
   CONSTANT SIZE    =   ----    ----
   XDATA SIZE       =   ----    ----
   PDATA SIZE       =   ----    ----
   DATA SIZE        =      7       2
   IDATA SIZE       =   ----    ----
   BIT SIZE         =   ----    ----
END OF MODULE INFORMATION.


C51 COMPILATION COMPLETE.  0 WARNING(S),  0 ERROR(S)
