C51 COMPILER V9.54   MAIN                                                                  05/08/2023 23:41:09 PAGE 1   


C51 COMPILER V9.54, COMPILATION OF MODULE MAIN
OBJECT MODULE PLACED IN .\Objects\main.obj
COMPILER INVOKED BY: D:\Keil_v5\C51\BIN\C51.EXE main.c OPTIMIZE(8,SPEED) BROWSE DEBUG OBJECTEXTEND PRINT(.\Listings\main
                    -.lst) TABS(2) OBJECT(.\Objects\main.obj)

line level    source

   1          #include <REGX52.H>
   2          #include "LCD1602.h"
   3          #include "DS1302.h"
   4          #include "Delay.h"
   5          #include "Key.h"
   6          #include "Timer0.h"
   7          
   8          extern unsigned char DS1302_Time[];
   9          unsigned char MODE,TimeSetSelect,K;
  10          bit FLAG;
  11          
  12          void TimeShow()
  13          {
  14   1          DS1302_ReadTime();
  15   1          LCD_ShowNum(1,1,DS1302_Time[0],2);
  16   1          LCD_ShowNum(1,4,DS1302_Time[1],2);
  17   1          LCD_ShowNum(1,7,DS1302_Time[2],2);
  18   1          LCD_ShowNum(2,1,DS1302_Time[3],2);
  19   1          LCD_ShowNum(2,4,DS1302_Time[4],2);
  20   1          LCD_ShowNum(2,7,DS1302_Time[5],2);
  21   1      
  22   1      }
  23          
  24          void TimeSet()
  25          {
  26   1        if(K==2)
  27   1        {
  28   2          TimeSetSelect++;
  29   2          TimeSetSelect%=6;
  30   2        }
  31   1        if(K==3)
  32   1        {
  33   2          DS1302_Time[TimeSetSelect]++;
  34   2          if(DS1302_Time[0]>99){DS1302_Time[0]=1;}
  35   2          if(DS1302_Time[1]>12){DS1302_Time[1]=1;}
  36   2          if(DS1302_Time[1]==1||DS1302_Time[1]==3||DS1302_Time[1]==5||DS1302_Time[1]==6||DS1302_Time[1]==8||DS1302
             -_Time[1]==10||DS1302_Time[1]==12)
  37   2          {
  38   3            if(DS1302_Time[2]>31){DS1302_Time[2]=1;}
  39   3          }
  40   2          if(DS1302_Time[1]==4||DS1302_Time[1]==7||DS1302_Time[1]==9||DS1302_Time[1]==11)
  41   2          {
  42   3            if(DS1302_Time[2]>30){DS1302_Time[2]=1;}
  43   3          }
  44   2          if(DS1302_Time[1]==2&&DS1302_Time[0]%4==0)
  45   2          {
  46   3            if(DS1302_Time[2]>29){DS1302_Time[2]=1;}      
  47   3          }
  48   2          if(DS1302_Time[1]==2&&DS1302_Time[0]%4!=0)
  49   2          {
  50   3            if(DS1302_Time[2]>28){DS1302_Time[2]=1;}          
  51   3          }
  52   2          if(DS1302_Time[3]>=24){DS1302_Time[3]=0;}
  53   2          if(DS1302_Time[4]>=60){DS1302_Time[4]=0;}
C51 COMPILER V9.54   MAIN                                                                  05/08/2023 23:41:09 PAGE 2   

  54   2          if(DS1302_Time[5]>=60){DS1302_Time[5]=0;}
  55   2        }
  56   1          if(K==4)
  57   1        {
  58   2          DS1302_Time[TimeSetSelect]--;
  59   2          if(DS1302_Time[0]<1){DS1302_Time[0]=99;}
  60   2          if(DS1302_Time[1]<1){DS1302_Time[1]=12;}
  61   2          if(DS1302_Time[1]==1||DS1302_Time[1]==3||DS1302_Time[1]==5||DS1302_Time[1]==7||DS1302_Time[1]==8||DS1302
             -_Time[1]==10||DS1302_Time[1]==12)
  62   2          {
  63   3            if(DS1302_Time[2]<1){DS1302_Time[2]=31;}
  64   3          }
  65   2          if(DS1302_Time[1]==4||DS1302_Time[1]==6||DS1302_Time[1]==9||DS1302_Time[1]==11)
  66   2          {
  67   3            if(DS1302_Time[2]<1){DS1302_Time[2]=30;}
  68   3            if(DS1302_Time[2]>30){DS1302_Time[2]=1;}
  69   3      
  70   3          }
  71   2          if(DS1302_Time[1]==2&&DS1302_Time[0]%4==0)
  72   2          {
  73   3            if(DS1302_Time[2]<1){DS1302_Time[2]=29;}      
  74   3            if(DS1302_Time[2]>29){DS1302_Time[2]=1;}      
  75   3          }
  76   2          if(DS1302_Time[1]==2&&DS1302_Time[0]%4!=0)
  77   2          {
  78   3            if(DS1302_Time[2]<1){DS1302_Time[2]=28;}          
  79   3            if(DS1302_Time[2]>28){DS1302_Time[2]=1;}          
  80   3          }
  81   2          if(DS1302_Time[3]>24){DS1302_Time[3]=23;}
  82   2          if(DS1302_Time[4]>60){DS1302_Time[4]=59;}
  83   2          if(DS1302_Time[5]>60){DS1302_Time[5]=59;}
  84   2          
  85   2        }
  86   1            if(FLAG==0&&TimeSetSelect==0){LCD_ShowString(1,1,"  ");}
  87   1            else LCD_ShowNum(1,1,DS1302_Time[0],2);
  88   1            
  89   1            if(FLAG==0&&TimeSetSelect==1){LCD_ShowString(1,4,"  ");}
  90   1            else LCD_ShowNum(1,4,DS1302_Time[1],2);
  91   1            
  92   1            if(FLAG==0&&TimeSetSelect==2){LCD_ShowString(1,7,"  ");}
  93   1            else LCD_ShowNum(1,7,DS1302_Time[2],2);
  94   1            
  95   1            if(FLAG==0&&TimeSetSelect==3){LCD_ShowString(2,1,"  ");}
  96   1            else LCD_ShowNum(2,1,DS1302_Time[3],2);
  97   1            
  98   1            if(FLAG==0&&TimeSetSelect==4){LCD_ShowString(2,4,"  ");}
  99   1            else LCD_ShowNum(2,4,DS1302_Time[4],2);
 100   1            
 101   1            if(FLAG==0&&TimeSetSelect==5){LCD_ShowString(2,7,"  ");}
 102   1            else LCD_ShowNum(2,7,DS1302_Time[5],2);
 103   1      
 104   1      }
 105          
 106          void main()
 107          {
 108   1        Timer_Init();
 109   1        LCD_Init();
 110   1        DS1302_Init();  
 111   1        Ds1302_SetTime();
 112   1        LCD_ShowString(1,3,"-  -  ");
 113   1        LCD_ShowString(2,3,":  :  ");
 114   1        
C51 COMPILER V9.54   MAIN                                                                  05/08/2023 23:41:09 PAGE 3   

 115   1        while(1)
 116   1        { 
 117   2          K=Key();
 118   2          if(K==1)
 119   2          {
 120   3            if(MODE==1){MODE=0;Ds1302_SetTime();}
 121   3            else if(MODE==0){MODE=1;TimeSetSelect=0;}
 122   3          }
 123   2          if(MODE==1)
 124   2          {
 125   3            TimeSet();
 126   3          }
 127   2          else if(MODE==0)
 128   2          {
 129   3      
 130   3            TimeShow();
 131   3          }
 132   2          
 133   2        }
 134   1      }
 135          
 136          void Timer0_Routine() interrupt 1
 137          {
 138   1          static unsigned int count;
 139   1          TH0=64535/256;
 140   1          TL0=64535%256;
 141   1          count++;
 142   1          if(count>400)
 143   1          {
 144   2                count=0;
 145   2                FLAG=!FLAG;
 146   2          }
 147   1      
 148   1      
 149   1      }


MODULE INFORMATION:   STATIC OVERLAYABLE
   CODE SIZE        =    876    ----
   CONSTANT SIZE    =     17    ----
   XDATA SIZE       =   ----    ----
   PDATA SIZE       =   ----    ----
   DATA SIZE        =      5    ----
   IDATA SIZE       =   ----    ----
   BIT SIZE         =      1    ----
END OF MODULE INFORMATION.


C51 COMPILATION COMPLETE.  0 WARNING(S),  0 ERROR(S)
