C51 COMPILER V9.54   MAIN                                                                  05/05/2023 20:06:05 PAGE 1   


C51 COMPILER V9.54, COMPILATION OF MODULE MAIN
OBJECT MODULE PLACED IN .\Objects\main.obj
COMPILER INVOKED BY: D:\Keil_v5\C51\BIN\C51.EXE main.c OPTIMIZE(8,SPEED) BROWSE DEBUG OBJECTEXTEND PRINT(.\Listings\main
                    -.lst) TABS(2) OBJECT(.\Objects\main.obj)

line level    source

   1          #include <REGX52.H>
   2          #include "Delay.h"
   3          
   4          
   5          
   6          unsigned int Key()
   7          {
   8   1        unsigned int k=0;
   9   1        if(P3_1==0){Delay(10);while(P3_1==0);Delay(10);k=1;}
  10   1        if(P3_0==0){Delay(10);while(P3_0==0);Delay(10);k=2;}
  11   1        if(P3_2==0){Delay(10);while(P3_2==0);Delay(10);k=3;}
  12   1        if(P3_3==0){Delay(10);while(P3_3==0);Delay(10);k=4;}
  13   1        
  14   1        return k;
  15   1      }
  16          
  17          void main()
  18          {
  19   1        
  20   1        unsigned int a;
  21   1        while(1)
  22   1        {
  23   2      //    if(P3_1==0){
  24   2      //    Delay(20);while(P3_1==0);Delay(20);
  25   2      //    P2_0=!P2_0;
  26   2      //    }
  27   2          a=Key();
  28   2          if(a==1)
  29   2          {
  30   3            P2_0=!P2_0;
  31   3          }
  32   2      
  33   2        }
  34   1      }


MODULE INFORMATION:   STATIC OVERLAYABLE
   CODE SIZE        =    126    ----
   CONSTANT SIZE    =   ----    ----
   XDATA SIZE       =   ----    ----
   PDATA SIZE       =   ----    ----
   DATA SIZE        =   ----       2
   IDATA SIZE       =   ----    ----
   BIT SIZE         =   ----    ----
END OF MODULE INFORMATION.


C51 COMPILATION COMPLETE.  0 WARNING(S),  0 ERROR(S)
