C51 COMPILER V9.54   LCD1602                                                               05/18/2023 21:58:28 PAGE 1   


C51 COMPILER V9.54, COMPILATION OF MODULE LCD1602
OBJECT MODULE PLACED IN .\Objects\LCD1602.obj
COMPILER INVOKED BY: D:\Keil_v5\C51\BIN\C51.EXE LCD1602.c OPTIMIZE(8,SPEED) BROWSE DEBUG OBJECTEXTEND PRINT(.\Listings\L
                    -CD1602.lst) TABS(2) OBJECT(.\Objects\LCD1602.obj)

line level    source

   1          #include <REGX52.H>
   2          
   3          sbit LCD_RS=P2^6;
   4          sbit LCD_RW=P2^5;
   5          sbit LCD_E=P2^7;
   6          
   7          #define LCD_DataPort P0
   8          
   9          void LCD_Delay()    //@12.000MHz
  10          {
  11   1        unsigned char i, j;
  12   1      
  13   1        i = 2;
  14   1        j = 239;
  15   1        do
  16   1        {
  17   2          while (--j);
  18   2        } while (--i);
  19   1      }
  20          
  21          
  22          void LCD_WriteCommand(unsigned char Command)
  23          {
  24   1        LCD_RS=0;
  25   1        LCD_RW=0;
  26   1        LCD_DataPort=Command;
  27   1        LCD_E=1;
  28   1        LCD_Delay();
  29   1        LCD_E=0;
  30   1        LCD_Delay();
  31   1      }
  32          
  33          void LCD_WriteData(unsigned char Data)
  34          {
  35   1        LCD_RS=1;
  36   1        LCD_RW=0;
  37   1        LCD_DataPort=Data;
  38   1        LCD_E=1;
  39   1        LCD_Delay();
  40   1        LCD_E=0;
  41   1        LCD_Delay();
  42   1      }
  43          
  44          void LCD_Init()
  45          {
  46   1        LCD_WriteCommand(0x38);//设置模式
  47   1        LCD_WriteCommand(0X0C);
  48   1        LCD_WriteCommand(0X06);
  49   1        LCD_WriteCommand(0X01);
  50   1      }
  51          
  52          void LCD_SetCursor(unsigned char Line,unsigned char Column)
  53          {
  54   1        if(Line==1)
C51 COMPILER V9.54   LCD1602                                                               05/18/2023 21:58:28 PAGE 2   

  55   1        {
  56   2          LCD_WriteCommand(0x80|(Column-1));
  57   2        }
  58   1        else
  59   1        {
  60   2          LCD_WriteCommand(0x80|(Column-1)+0x40);
  61   2        }
  62   1      
  63   1      }
  64          
  65          void LCD_ShowChar(unsigned char Line,unsigned char Column,unsigned char Char)
  66          {
  67   1        if(Line==1)
  68   1        {
  69   2          LCD_WriteCommand(0x80|(Column-1));
  70   2        }
  71   1        else
  72   1        {
  73   2          LCD_WriteCommand(0x80|(Column-1)+0x40);
  74   2        }
  75   1        LCD_WriteData(Char);
  76   1      }
  77          
  78          void LCD_ShowString(unsigned char Line,unsigned char Column,unsigned char* String)
  79          {
  80   1          unsigned char i;
  81   1          if(Line==1)
  82   1          {
  83   2            LCD_WriteCommand(0x80|(Column-1));
  84   2          }
  85   1          else
  86   1          {
  87   2            LCD_WriteCommand(0x80|(Column-1)+0x40);
  88   2          }
  89   1          for(i=0;String[i]!=0;i++)
  90   1          {
  91   2            LCD_WriteData(String[i]);
  92   2          }
  93   1      }
  94          
  95          unsigned int pf(unsigned char x)
  96          {
  97   1        unsigned int y=1;
  98   1        while(--x)//这里要--x,先--再使用
  99   1        {
 100   2          y*=10;
 101   2        }
 102   1        return y;
 103   1      }
 104          
 105          void LCD_ShowNum(unsigned char Line,unsigned char Column,unsigned int Num,unsigned char Lenth )
 106          {
 107   1          unsigned char i;
 108   1          if(Line==1)
 109   1          {
 110   2            LCD_WriteCommand(0x80|(Column-1));
 111   2          }
 112   1          else
 113   1          {
 114   2            LCD_WriteCommand(0x80|(Column-1)+0x40);
 115   2          }
 116   1          for(i=0;i<Lenth;i++)
C51 COMPILER V9.54   LCD1602                                                               05/18/2023 21:58:28 PAGE 3   

 117   1          {
 118   2            LCD_WriteData(Num/pf(Lenth-i)%10+0x30);
 119   2          }
 120   1      }
 121          
 122          
 123          /**********************显示无符号数字************************/
 124          void LCD_ShowSignedNum(unsigned char Line,unsigned char Column,int Num,char Lenth)
 125          {
 126   1        unsigned int Num1;
 127   1        unsigned char i;
 128   1        LCD_SetCursor(Line,Column);
 129   1        if(Num>=0)
 130   1        {
 131   2              LCD_WriteData('+');
 132   2              for(i=0;i<Lenth;i++)
 133   2              {
 134   3                LCD_WriteData(Num/pf(Lenth-i)%10+0x30);
 135   3              }
 136   2      
 137   2        }
 138   1        else
 139   1        {
 140   2          LCD_WriteData('-');
 141   2          Num1=-Num;
 142   2          for(i=0;i<Lenth;i++)
 143   2          {
 144   3            LCD_WriteData(Num1/pf(Lenth-i)%10+0x30);
 145   3          }
 146   2          
 147   2        }
 148   1      }
 149          /***************************************************************/
 150          unsigned int pf1(unsigned char x)
 151          {
 152   1        unsigned int y=1;
 153   1        while(--x)//这里要--x,先--再使用
 154   1        {
 155   2          y*=16;
 156   2        }
 157   1        return y;
 158   1      }
 159          
 160          void LCD_ShowHexNum(unsigned char Line,unsigned char Column,int Num,char Lenth)
 161          {
 162   1        unsigned char i=0;
 163   1        unsigned char SingleNumber;
 164   1        LCD_SetCursor(Line,Column);
 165   1        for(i=0;i<Lenth;i++)
 166   1        {
 167   2          SingleNumber=Num/pf1(Lenth-i)%16;
 168   2          if(SingleNumber<10)
 169   2          {
 170   3            LCD_WriteData(SingleNumber+0x30);
 171   3          }
 172   2          else
 173   2          {   
 174   3            LCD_WriteData(SingleNumber+'A'-10);
 175   3          }
 176   2        }
 177   1      
 178   1      }
C51 COMPILER V9.54   LCD1602                                                               05/18/2023 21:58:28 PAGE 4   

 179          
 180          int LCD_Pow(int X,int Y)
 181          {
 182   1        unsigned char i;
 183   1        int Result=1;
 184   1        for(i=0;i<Y;i++)
 185   1        {
 186   2          Result*=X;
 187   2        }
 188   1        return Result;
 189   1      }
 190          
 191          void LCD_ShowBinNum(unsigned char Line,unsigned char Column,unsigned int Number,unsigned char Length)
 192          {
 193   1        unsigned char i;
 194   1        LCD_SetCursor(Line,Column);
 195   1        for(i=Length;i>0;i--)
 196   1        {
 197   2          LCD_WriteData(Number/LCD_Pow(2,i-1)%2+'0');
 198   2        }
 199   1      }


MODULE INFORMATION:   STATIC OVERLAYABLE
   CODE SIZE        =    526    ----
   CONSTANT SIZE    =   ----    ----
   XDATA SIZE       =   ----    ----
   PDATA SIZE       =   ----    ----
   DATA SIZE        =   ----      28
   IDATA SIZE       =   ----    ----
   BIT SIZE         =   ----    ----
END OF MODULE INFORMATION.


C51 COMPILATION COMPLETE.  0 WARNING(S),  0 ERROR(S)
