C51 COMPILER V9.54   MAIN                                                                  05/18/2023 22:02:02 PAGE 1   


C51 COMPILER V9.54, COMPILATION OF MODULE MAIN
OBJECT MODULE PLACED IN .\Objects\main.obj
COMPILER INVOKED BY: D:\Keil_v5\C51\BIN\C51.EXE main.c OPTIMIZE(8,SPEED) BROWSE DEBUG OBJECTEXTEND PRINT(.\Listings\main
                    -.lst) TABS(2) OBJECT(.\Objects\main.obj)

line level    source

   1          #include <REGX52.H>
   2          #include "LCD1602.h"
   3          #include "Delay.h"
   4          
   5          void main()
   6          {
   7   1        unsigned char arr[]={'a','b','c'};
   8   1        LCD_Init();
   9   1        LCD_ShowChar(1,1,'A');
  10   1        LCD_ShowString(2,1,arr);
  11   1        LCD_ShowNum(1,2,23,5);
  12   1        LCD_ShowSignedNum(1,9,-5,2);
  13   1        LCD_ShowHexNum(1,13,0XAA,2);
  14   1        LCD_ShowBinNum(2,5,134,6);
  15   1        LCD_ShowString(1,16,"Welcome to China!");
  16   1        while(1)
  17   1        {
  18   2          LCD_WriteCommand(0x18);
  19   2          Delay(1000);
  20   2        }
  21   1      }


MODULE INFORMATION:   STATIC OVERLAYABLE
   CODE SIZE        =    127    ----
   CONSTANT SIZE    =     21    ----
   XDATA SIZE       =   ----    ----
   PDATA SIZE       =   ----    ----
   DATA SIZE        =   ----       3
   IDATA SIZE       =   ----    ----
   BIT SIZE         =   ----    ----
END OF MODULE INFORMATION.


C51 COMPILATION COMPLETE.  0 WARNING(S),  0 ERROR(S)
