C51 COMPILER V9.54   MAIN                                                                  05/11/2023 23:12:35 PAGE 1   


C51 COMPILER V9.54, COMPILATION OF MODULE MAIN
OBJECT MODULE PLACED IN .\Objects\main.obj
COMPILER INVOKED BY: D:\Keil_v5\C51\BIN\C51.EXE main.c OPTIMIZE(8,SPEED) BROWSE DEBUG OBJECTEXTEND PRINT(.\Listings\main
                    -.lst) TABS(2) OBJECT(.\Objects\main.obj)

line level    source

   1          #include <REGX52.H>
   2          #include "Delay.h"
   3          #include "Timer0.h"
   4          
   5          #define SPEED 500
   6          
   7          #define P   0
   8          #define L1  1
   9          #define L1_ 2
  10          #define L2  3
  11          #define L2_ 4
  12          #define L3  5
  13          #define L4  6
  14          #define L4_ 7
  15          #define L5  8
  16          #define L5_ 9
  17          #define L6  10
  18          #define L6_ 11
  19          #define L7  12
  20          #define M1  13
  21          #define M1_ 14
  22          #define M2  15
  23          #define M2_ 16
  24          #define M3  17
  25          #define M4  18
  26          #define M4_ 19
  27          #define M5  20
  28          #define M5_ 21
  29          #define M6  22
  30          #define M6_ 23
  31          #define M7  24
  32          
  33          #define H1  25
  34          #define H1_ 26
  35          #define H2  27
  36          #define H2_ 28
  37          #define H3  29
  38          #define H4  30
  39          #define H4_ 31
  40          #define H5  32
  41          #define H5_ 33
  42          #define H6  34
  43          #define H6_ 35
  44          #define H7  36
  45          
  46          sbit Buzzer=P1^5;
  47          unsigned int FreqTable[]={
  48                0,63628,63731,63835,63928,64021,64103,64185,64331,64400,64463,64528,
  49                64580,64633,64684,64732,64777,64820,64860,64898,64968,65000,65030,
  50                65058,65085,65110,65134,65157,65178,65198,65235,65252,65268,65283
  51          };
  52          
  53          unsigned char FreqSelect,MusicSelect;
  54          unsigned char code Music[]={
C51 COMPILER V9.54   MAIN                                                                  05/11/2023 23:12:35 PAGE 2   

  55          P,4,
  56          P,4,
  57          P,4,
  58          M6,2,
  59          M7,2,
  60            
  61          H1,6,
  62          M7,2,
  63          H1,4,
  64          M3,4,
  65            
  66          M7,4+4+4,
  67          M3,2,
  68          M3,2,
  69            
  70            //2
  71            M6, 4+2,
  72            M5, 2,
  73            M6, 4,
  74            H1, 4,
  75            
  76            M5, 4+4+4,
  77            M3, 4,
  78            
  79            M4, 4+2,
  80            M3, 2,
  81            M4, 4,
  82            H1, 4,
  83            
  84            //3
  85            M3, 4+4,
  86            P,  2,
  87            H1, 2,
  88            H1, 2,
  89            H1, 2,
  90            
  91            M7, 4+2,
  92            M4_,2,
  93            M4_,4,
  94            M7, 4,
  95            
  96            M7, 8,
  97            P,  4,
  98            M6, 2,
  99            M7, 2,
 100            
 101            //4
 102            H1, 4+2,
 103            M7, 2,
 104            H1, 4,
 105            H3, 4,
 106            
 107            M7, 4+4+4,
 108            M3, 2,
 109            M3, 2,
 110            
 111            M6, 4+2,
 112            M5, 2,
 113            M6, 4,
 114            H1, 4,
 115            
 116            //5
C51 COMPILER V9.54   MAIN                                                                  05/11/2023 23:12:35 PAGE 3   

 117            M5, 4+4+4,
 118            M2, 2,
 119            M3, 2,
 120            
 121            M4, 4,
 122            H1, 2,
 123            M7, 2+2,
 124            H1, 2+4,
 125            
 126            H2, 2,
 127            H2, 2,
 128            H3, 2,
 129            H1, 2+4+4,
 130            
 131            //6
 132            H1, 2,
 133            M7, 2,
 134            M6, 2,
 135            M6, 2,
 136            M7, 4,
 137            M5_,4,
 138            
 139            
 140            M6, 4+4+4,
 141            H1, 2,
 142            H2, 2,
 143            
 144            H3, 4+2,
 145            H2, 2,
 146            H3, 4,
 147            H5, 4,
 148            
 149            //7
 150            H2, 4+4+4,
 151            M5, 2,
 152            M5, 2,
 153            
 154            H1, 4+2,
 155            M7, 2,
 156            H1, 4,
 157            H3, 4,
 158            
 159            H3, 4+4+4+4,
 160            
 161            //8
 162            M6, 2,
 163            M7, 2,
 164            H1, 4,
 165            M7, 4,
 166            H2, 2,
 167            H2, 2,
 168            
 169            H1, 4+2,
 170            M5, 2+4+4,
 171            
 172            H4, 4,
 173            H3, 4,
 174            H3, 4,
 175            H1, 4,
 176            
 177            //9
 178            H3, 4+4+4,
C51 COMPILER V9.54   MAIN                                                                  05/11/2023 23:12:35 PAGE 4   

 179            H3, 4,
 180            
 181            H6, 4+4,
 182            H5, 4,
 183            H5, 4,
 184            
 185            H3, 2,
 186            H2, 2,
 187            H1, 4+4,
 188            P,  2,
 189            H1, 2,
 190            
 191            //10
 192            H2, 4,
 193            H1, 2,
 194            H2, 2,
 195            H2, 4,
 196            H5, 4,
 197            
 198            H3, 4+4+4,
 199            H3, 4,
 200            
 201            H6, 4+4,
 202            H5, 4+4,
 203            
 204            //11
 205            H3, 2,
 206            H2, 2,
 207            H1, 4+4,
 208            P,  2,
 209            H1, 2,
 210            
 211            H2, 4,
 212            H1, 2,
 213            H2, 2+4,
 214            M7, 4,
 215            
 216            M6, 4+4+4,
 217            P,  4,
 218            
 219            0xFF  //????
 220          
 221          };
 222          
 223          void main()
 224          {
 225   1        Timer_Init();
 226   1        while(1)
 227   1        {
 228   2          if(Music[MusicSelect]!=0xff)
 229   2          {   
 230   3          FreqSelect=Music[MusicSelect];
 231   3          MusicSelect++;
 232   3          Delay(SPEED/4*(Music[MusicSelect]));
 233   3          MusicSelect++;
 234   3          TR0=0;
 235   3          Delay(5);
 236   3          TR0=1;
 237   3          }//
 238   2          else
 239   2          {
 240   3              MusicSelect=0;
C51 COMPILER V9.54   MAIN                                                                  05/11/2023 23:12:35 PAGE 5   

 241   3          }
 242   2        }
 243   1      }
 244          
 245          void Timer0_Routine() interrupt 1
 246          {
 247   1          if(FreqTable[FreqSelect])
 248   1          { 
 249   2          TH0=FreqTable[FreqSelect]/256;
 250   2          TL0=FreqTable[FreqSelect]%256;
 251   2          Buzzer=!Buzzer;
 252   2          }
 253   1      }


MODULE INFORMATION:   STATIC OVERLAYABLE
   CODE SIZE        =    117    ----
   CONSTANT SIZE    =    241    ----
   XDATA SIZE       =   ----    ----
   PDATA SIZE       =   ----    ----
   DATA SIZE        =     70    ----
   IDATA SIZE       =   ----    ----
   BIT SIZE         =   ----    ----
END OF MODULE INFORMATION.


C51 COMPILATION COMPLETE.  0 WARNING(S),  0 ERROR(S)
