C51 COMPILER V9.54   MAIN                                                                  05/07/2023 22:28:27 PAGE 1   


C51 COMPILER V9.54, COMPILATION OF MODULE MAIN
OBJECT MODULE PLACED IN .\Objects\main.obj
COMPILER INVOKED BY: D:\Keil_v5\C51\BIN\C51.EXE main.c OPTIMIZE(8,SPEED) BROWSE DEBUG OBJECTEXTEND PRINT(.\Listings\main
                    -.lst) TABS(2) OBJECT(.\Objects\main.obj)

line level    source

   1          #include <REGX52.H>
   2          #include "Delay.h"
   3          #include "MatrixLED.h"
   4          
   5          //unsigned char Animation[]={0x00,0x00,0x00,0x00,0x00,0x00,0x00,0x00,0xFF,0x10,0x10,0xFF,0x00,0x00,0x1E,0x
             -29,0x29,0x29,0x19,0x00,0x00,0x7F,0x01,0x00,
   6          //0x7F,0x01,0x00,0x00,0x34,0x42,0x81,0x80,0x41,0x2E,0x00,0x00,0x00,0xFB,0x00,0x00,0x00,0x00,0x00,0x00,0x00
   7          //};
   8          
   9          //void main()
  10          //{
  11          //  unsigned char i,p,count;
  12          //  MatrixLED_Init();
  13          //  while(1)
  14          //  {
  15          //      for(i=0;i<8;i++)
  16          //    {
  17          //      MatrixLed_ShowColumn(i,Animation[i+p]);   
  18          //    }
  19          //    count++;
  20          //    if(count>5)
  21          //    {
  22          //      count=0;
  23          //      p++;
  24          //      if(p>37)
  25          //      {
  26          //        p=0;
  27          //      }
  28          //    }
  29          //      
  30          //  }
  31          //}
  32          
  33          unsigned char code Animation[]={0x1F,0x21,0x41,0x81,0x01,0x81,0x07,0x97,0x1F,0x21,0x41,0x91,0x09,0x89,0x17
             -,0x97,
  34          0x1F,0x21,0x45,0x8D,0x0D,0x8D,0x17,0x97
  35          };
  36          
  37          void main()
  38          {
  39   1        unsigned char i,p,count=0;
  40   1        MatrixLED_Init();
  41   1        while(1)
  42   1        {
  43   2            for(i=0;i<8;i++)
  44   2          {
  45   3            MatrixLed_ShowColumn(i,Animation[i+p]);   
  46   3          }
  47   2          count++;
  48   2          if(count>1)
  49   2          {
  50   3            count=0;
  51   3            p+=8;
  52   3            if(p>=24)
C51 COMPILER V9.54   MAIN                                                                  05/07/2023 22:28:27 PAGE 2   

  53   3            {
  54   4              p=0;
  55   4            }
  56   3          }
  57   2            
  58   2        }
  59   1      }


MODULE INFORMATION:   STATIC OVERLAYABLE
   CODE SIZE        =     62    ----
   CONSTANT SIZE    =     24    ----
   XDATA SIZE       =   ----    ----
   PDATA SIZE       =   ----    ----
   DATA SIZE        =   ----       3
   IDATA SIZE       =   ----    ----
   BIT SIZE         =   ----    ----
END OF MODULE INFORMATION.


C51 COMPILATION COMPLETE.  0 WARNING(S),  0 ERROR(S)
