C51 COMPILER V9.54   MATRIXLED                                                             05/07/2023 22:01:35 PAGE 1   


C51 COMPILER V9.54, COMPILATION OF MODULE MATRIXLED
OBJECT MODULE PLACED IN .\Objects\MatrixLED.obj
COMPILER INVOKED BY: D:\Keil_v5\C51\BIN\C51.EXE MatrixLED.c OPTIMIZE(8,SPEED) BROWSE DEBUG OBJECTEXTEND PRINT(.\Listings
                    -\MatrixLED.lst) TABS(2) OBJECT(.\Objects\MatrixLED.obj)

line level    source

   1          #include <REGX52.H>
   2          #include "Delay.h"
   3          
   4          sbit RCK=P3^5;
   5          sbit SCK=P3^6;
   6          sbit SER=P3^4;
   7          
   8          void _74HC595_WriteByte(unsigned char Byte)//写一位数据到74HC595里面
   9          {
  10   1        unsigned char i;
  11   1        for(i=0;i<8;i++)
  12   1        {
  13   2          SER=Byte&(0x80>>i);//高位先写，所以先&上0x80
  14   2          SCK=1;//给一个上升岩数据一位
  15   2      //    Delay(1);
  16   2          SCK=0;//置1，下次就可以再给一个上升沿将数据移位
  17   2        }
  18   1        RCK=1;//给一个上升岩将8位数据移位
  19   1      //  Delay(1);
  20   1        RCK=0;
  21   1      }
  22          
  23          void MatrixLed_ShowColumn(unsigned char Colum,Data)//位选，段选
  24          {
  25   1        _74HC595_WriteByte(Data);
  26   1        P0=~(0x80>>Colum);
  27   1        Delay(1);
  28   1        P0=0xff;//位清0
  29   1      }
  30          
  31          void MatrixLED_Init()
  32          {
  33   1        SCK=0;//因为上电默认是高电平，所以要置1
  34   1        RCK=0;
  35   1      
  36   1      }


MODULE INFORMATION:   STATIC OVERLAYABLE
   CODE SIZE        =     84    ----
   CONSTANT SIZE    =   ----    ----
   XDATA SIZE       =   ----    ----
   PDATA SIZE       =   ----    ----
   DATA SIZE        =   ----    ----
   IDATA SIZE       =   ----    ----
   BIT SIZE         =   ----    ----
END OF MODULE INFORMATION.


C51 COMPILATION COMPLETE.  0 WARNING(S),  0 ERROR(S)
