C51 COMPILER V9.54   ONEWIRE                                                               05/17/2023 21:38:44 PAGE 1   


C51 COMPILER V9.54, COMPILATION OF MODULE ONEWIRE
OBJECT MODULE PLACED IN .\Objects\OneWire.obj
COMPILER INVOKED BY: D:\Keil_v5\C51\BIN\C51.EXE OneWire.c OPTIMIZE(8,SPEED) BROWSE DEBUG OBJECTEXTEND PRINT(.\Listings\O
                    -neWire.lst) TABS(2) OBJECT(.\Objects\OneWire.obj)

line level    source

   1          #include <REGX52.H>
   2          
   3          sbit OneWire_DQ=P3^7;
   4          
   5          unsigned char OneWire_Init()
   6          {
   7   1        unsigned char i;
   8   1        unsigned char AckBit;
   9   1        OneWire_DQ=1;
  10   1        OneWire_DQ=0;
  11   1        i = 247;  while (--i);//Delay500us
  12   1        OneWire_DQ=1;
  13   1        i = 32;while (--i);
  14   1        AckBit=OneWire_DQ;
  15   1        i = 247;  while (--i);//Delay500us
  16   1        return AckBit;
  17   1      }
  18          
  19          void OneWire_SendBit(unsigned char Bit)
  20          {
  21   1        unsigned char i;
  22   1        OneWire_DQ=0;
  23   1        i = 4;while (--i);
  24   1        OneWire_DQ=Bit;
  25   1        i = 24;while (--i); 
  26   1        OneWire_DQ=1; 
  27   1      }
  28          
  29          unsigned char OneWire_ReceiveBit(void)
  30          {
  31   1        unsigned char i,Bit;
  32   1        OneWire_DQ=0;
  33   1        i = 2;while (--i);
  34   1        OneWire_DQ=1;
  35   1        i = 2;while (--i);  
  36   1        Bit=OneWire_DQ;
  37   1        i = 24;while (--i); 
  38   1        return Bit;
  39   1      }
  40          
  41          void OneWire_SendByte(unsigned char Byte)
  42          {
  43   1        unsigned char i;
  44   1        for(i=0;i<8;i++)
  45   1        {
  46   2          OneWire_SendBit(Byte&(0x01<<i));
  47   2        }
  48   1      }
  49          
  50          unsigned char OneWire_ReceiveByte()
  51          {
  52   1        unsigned char i,Byte=0;
  53   1        for(i=0;i<8;i++)
  54   1        {
C51 COMPILER V9.54   ONEWIRE                                                               05/17/2023 21:38:44 PAGE 2   

  55   2          if(OneWire_ReceiveBit())Byte|=(0x01<<i);
  56   2        }
  57   1        return Byte;
  58   1      }


MODULE INFORMATION:   STATIC OVERLAYABLE
   CODE SIZE        =    122    ----
   CONSTANT SIZE    =   ----    ----
   XDATA SIZE       =   ----    ----
   PDATA SIZE       =   ----    ----
   DATA SIZE        =   ----    ----
   IDATA SIZE       =   ----    ----
   BIT SIZE         =   ----    ----
END OF MODULE INFORMATION.


C51 COMPILATION COMPLETE.  0 WARNING(S),  0 ERROR(S)
