C51 COMPILER V9.54   MAIN                                                                  05/06/2023 22:43:55 PAGE 1   


C51 COMPILER V9.54, COMPILATION OF MODULE MAIN
OBJECT MODULE PLACED IN .\Objects\main.obj
COMPILER INVOKED BY: D:\Keil_v5\C51\BIN\C51.EXE main.c OPTIMIZE(8,SPEED) BROWSE DEBUG OBJECTEXTEND PRINT(.\Listings\main
                    -.lst) TABS(2) OBJECT(.\Objects\main.obj)

line level    source

   1          #include <REGX52.H>
   2          #include "Delay.h"
   3          #include "UART.h"
   4          
   5          unsigned char Sec;
   6          
   7          void main()
   8          {
   9   1        UART_Init();
  10   1        while(1)
  11   1        {
  12   2      //    UART_SendByte(Sec);
  13   2      //    Sec++;
  14   2      //    Delay(1000);
  15   2      //    UART_SendByte(0x66);
  16   2      //    Delay(1);
  17   2        }
  18   1      }
  19          
  20          void UART_Routine() interrupt 4
  21          {
  22   1        if(RI==1)//判断是否是接收中断，接收中断就执行
  23   1        {
  24   2            P2=SBUF;//读出接收到的数据
  25   2            UART_SendByte(SBUF);//将读到的数据发送给电脑
  26   2            RI=0;//接收标志位需要由软件置0
  27   2        }
  28   1      }


MODULE INFORMATION:   STATIC OVERLAYABLE
   CODE SIZE        =     74    ----
   CONSTANT SIZE    =   ----    ----
   XDATA SIZE       =   ----    ----
   PDATA SIZE       =   ----    ----
   DATA SIZE        =      1    ----
   IDATA SIZE       =   ----    ----
   BIT SIZE         =   ----    ----
END OF MODULE INFORMATION.


C51 COMPILATION COMPLETE.  0 WARNING(S),  0 ERROR(S)
