C51 COMPILER V9.54   UART                                                                  05/06/2023 22:26:59 PAGE 1   


C51 COMPILER V9.54, COMPILATION OF MODULE UART
OBJECT MODULE PLACED IN .\Objects\UART.obj
COMPILER INVOKED BY: D:\Keil_v5\C51\BIN\C51.EXE UART.c OPTIMIZE(8,SPEED) BROWSE DEBUG OBJECTEXTEND PRINT(.\Listings\UART
                    -.lst) TABS(2) OBJECT(.\Objects\UART.obj)

line level    source

   1          #include <REGX52.H>
   2          
   3          void UART_Init()
   4          {
   5   1        SCON=0X40;//串口接收初始化，模式1
   6   1        PCON|=0x80;//波特率加倍
   7   1        
   8   1        //下面是配置定时器1，串口需要用定时器1,一定要注意配置的是定时器1
   9   1        TMOD&=0X0F;////8位自动重装模式
  10   1        TMOD|=0X20;
  11   1      //TF1=0;//清除2中断标志位
  12   1        TR1=1;//启动定时器
  13   1        TH1=0XF3;//设置定时器重装值
  14   1        TL1=0XF3;//设置定时器初值
  15   1        ET1=0;//只发送，不接受可以不开启中断，禁止定时器中断
  16   1      //EA=1;
  17   1      //PT1=0;
  18   1      
  19   1      }
  20          
  21          void UART_SendByte(unsigned char Byte)
  22          {
  23   1        SBUF=Byte;//发送一个字节数据，将数据写入SBUF寄存器中
  24   1        while(TI==0);//检查是否发送，发送标志位等于1时发送完
  25   1        TI=0;//需要软件复位
  26   1      }


MODULE INFORMATION:   STATIC OVERLAYABLE
   CODE SIZE        =     31    ----
   CONSTANT SIZE    =   ----    ----
   XDATA SIZE       =   ----    ----
   PDATA SIZE       =   ----    ----
   DATA SIZE        =   ----    ----
   IDATA SIZE       =   ----    ----
   BIT SIZE         =   ----    ----
END OF MODULE INFORMATION.


C51 COMPILATION COMPLETE.  0 WARNING(S),  0 ERROR(S)
