C51 COMPILER V9.54   INT0                                                                  05/20/2023 23:34:27 PAGE 1   


C51 COMPILER V9.54, COMPILATION OF MODULE INT0
OBJECT MODULE PLACED IN .\Objects\Int0.obj
COMPILER INVOKED BY: D:\Keil_v5\C51\BIN\C51.EXE Int0.c OPTIMIZE(8,SPEED) BROWSE DEBUG OBJECTEXTEND PRINT(.\Listings\Int0
                    -.lst) TABS(2) OBJECT(.\Objects\Int0.obj)

line level    source

   1          #include <REGX52.H>
   2          
   3          
   4          void Int0_Init()
   5          {
   6   1        IT0=1;//1位下降沿出触发，0为低电平触发
   7   1        IE0=0;
   8   1        EA=1;
   9   1        EX0=1;
  10   1        PX0=1;
  11   1      
  12   1      }
  13          
  14          /*
  15          void Init0_Routine(void) interrupt 0
  16          {
  17            Num++;
  18          }
  19          
  20          */


MODULE INFORMATION:   STATIC OVERLAYABLE
   CODE SIZE        =     11    ----
   CONSTANT SIZE    =   ----    ----
   XDATA SIZE       =   ----    ----
   PDATA SIZE       =   ----    ----
   DATA SIZE        =   ----    ----
   IDATA SIZE       =   ----    ----
   BIT SIZE         =   ----    ----
END OF MODULE INFORMATION.


C51 COMPILATION COMPLETE.  0 WARNING(S),  0 ERROR(S)
