C51 COMPILER V9.54   IR                                                                    05/21/2023 01:00:40 PAGE 1   


C51 COMPILER V9.54, COMPILATION OF MODULE IR
OBJECT MODULE PLACED IN .\Objects\IR.obj
COMPILER INVOKED BY: D:\Keil_v5\C51\BIN\C51.EXE IR.c OPTIMIZE(8,SPEED) BROWSE DEBUG OBJECTEXTEND PRINT(.\Listings\IR.lst
                    -) TABS(2) OBJECT(.\Objects\IR.obj)

line level    source

   1          #include <REGX52.H>
   2          #include "Timer0.h"
   3          #include "Int0.h"
   4          
   5          unsigned int IR_Time;
   6          unsigned char IR_State;
   7          
   8          unsigned char IR_Data[4];
   9          unsigned char IR_pData;
  10          
  11          unsigned char IR_DataFalg;
  12          unsigned char IR_RepeatFlag;
  13          unsigned char IR_Address;
  14          unsigned char IR_Command;
  15          
  16          void IR_Init()
  17          {
  18   1        Timer_Init();
  19   1        Int0_Init();
  20   1      }
  21          
  22          unsigned char IR_GetDataFalg()
  23          {
  24   1        if(IR_DataFlag)
*** ERROR C202 IN LINE 24 OF IR.c: 'IR_DataFlag': undefined identifier
  25   1        {
  26   2          IR_DataFlag=0;
*** ERROR C202 IN LINE 26 OF IR.c: 'IR_DataFlag': undefined identifier
  27   2          return 1;
  28   2        }
  29   1        return 0;
  30   1      }
  31          
  32          unsigned char IR_GetAddress()
  33          {
  34   1        return IR_Address;
  35   1      }
  36          
  37          unsigned char IR_GetCommand()
  38          {
  39   1        return IR_Command;
  40   1      }
  41          
  42          void Init0_Routine(void) interrupt 0
  43          {
  44   1        if(IR_State==0)
  45   1        {
  46   2          Timer0_SetCounter(0);
  47   2          Timer0_Run();
  48   2          IR_State=1;
  49   2        }
  50   1        else if(IR_State==1)
  51   1        {
  52   2          IR_Time()=Timer0_GetCounter();
C51 COMPILER V9.54   IR                                                                    05/21/2023 01:00:40 PAGE 2   

  53   2          Timer0_SteCounter(0);
  54   2          if(IR_Time>13500-500&&IR_Time<13500+500)
  55   2          {
  56   3            IR_State=2;
  57   3          }
  58   2          else if(IR_Time>11250-500&&IR_Time<11250+500)
  59   2          {
  60   3            IR_RepeaFlag=1;
  61   3            Timer0_Run(0);
  62   3            IR_State=0;
  63   3          }
  64   2          else
  65   2          {
  66   3            IR_State=1;
  67   3          }
  68   2        }
  69   1        else if(IR_State==2)
  70   1        {
  71   2          IR_Time=Time_GetCounter();
  72   2          Timer0_SetCounter(0);
  73   2          if(Timer>1120-500&&Timer<1120+500)
  74   2          {
  75   3            IR_Data[IR_pData/8]&=~(0x01<<(IR_pData%8));
  76   3            IR_pData++;
  77   3            //当IR_pData=0~7时数组的索引是0，也就是数组的第一个元素，后面是将这个数的位清0；
  78   3          }
  79   2          else if(Timer>2250-500&&Timer<2250+500)
  80   2          {   
  81   3            IR_Data[IR_pData/8]|=(0x01<<(IR_pData%8));
  82   3            IR_pData++;
  83   3          }
  84   2          else
  85   2          {
  86   3            IR_pData=0;
  87   3            IR_State=1;
  88   3          }
  89   2          
  90   2          if(IR_pData>=32)
  91   2          {
  92   3            IR_Address=IR_Data[0];      
  93   3            IR_Address=IR_Data[2];
  94   3            IR_DataFlag=1;
  95   3        }
  96   2          Timer0_Run(0);
  97   2          IR_State=0;
  98   2        }
  99   1      }

C51 COMPILATION COMPLETE.  0 WARNING(S),  2 ERROR(S)
