C51 COMPILER V9.54   MAIN                                                                  05/21/2023 01:00:40 PAGE 1   


C51 COMPILER V9.54, COMPILATION OF MODULE MAIN
OBJECT MODULE PLACED IN .\Objects\main.obj
COMPILER INVOKED BY: D:\Keil_v5\C51\BIN\C51.EXE main.c OPTIMIZE(8,SPEED) BROWSE DEBUG OBJECTEXTEND PRINT(.\Listings\main
                    -.lst) TABS(2) OBJECT(.\Objects\main.obj)

line level    source

   1          #include <REGX52.H>
   2          #include "LCD1602.h"
   3          #include "Delay.h"
   4          #include "Int0.h"
   5          #include "IR.h"
   6          
   7          unsigned char Num;
   8          unsigned char Address;
   9          unsigned char Command;
  10          
  11          void main()
  12          {
  13   1        LCD_Init();
  14   1        LCD_ShowString(1,1,"ADDR  CMD  NUM");
  15   1        LCD_ShowString(2,1,"00    00   000");
  16   1        
  17   1        IR_Init();
  18   1        
  19   1        while(1)
  20   1        {
  21   2          if(IR_GetDataFalg() || IR_GetRepeatFlag())  //??????????????
*** WARNING C206 IN LINE 21 OF main.c: 'IR_GetRepeatFlag': missing function-prototype
  22   2          {
  23   3            Address=IR_GetAddress();    //????????
  24   3            Command=IR_GetCommand();    //????????
  25   3            
  26   3            LCD_ShowHexNum(2,1,Address,2);  //????????
  27   3            LCD_ShowHexNum(2,7,Command,2);  //????????
  28   3            
  29   3            if(Command==IR_VOL_MINUS)   //?????VOL-????
*** ERROR C202 IN LINE 29 OF main.c: 'IR_VOL_MINUS': undefined identifier
  30   3            {
  31   4              Num--;            //Num??
  32   4            }
  33   3            if(Command==IR_VOL_ADD)     //?????VOL+????
*** ERROR C202 IN LINE 33 OF main.c: 'IR_VOL_ADD': undefined identifier
  34   3            {
  35   4              Num++;            //Num??
  36   4            }
  37   3            
  38   3            LCD_ShowNum(2,12,Num,3);    //??Num
  39   3          }
  40   2        }
  41   1      }
  42          

C51 COMPILATION COMPLETE.  1 WARNING(S),  2 ERROR(S)
