C51 COMPILER V9.54   TIMER0                                                                05/21/2023 00:24:00 PAGE 1   


C51 COMPILER V9.54, COMPILATION OF MODULE TIMER0
OBJECT MODULE PLACED IN .\Objects\Timer0.obj
COMPILER INVOKED BY: D:\Keil_v5\C51\BIN\C51.EXE Timer0.c OPTIMIZE(8,SPEED) BROWSE DEBUG OBJECTEXTEND PRINT(.\Listings\Ti
                    -mer0.lst) TABS(2) OBJECT(.\Objects\Timer0.obj)

line level    source

   1          #include <REGX52.H>
   2          
   3          /**
   4            *   @brief  初始化定时器0函数，并打开中断
   5            *   @param  无
   6            *   @retval 无
   7          */
   8          
   9          void Timer_Init()
  10          {
  11   1        TMOD&=0XF0;//设置定时器模式
  12   1        TMOD|=0X01;
  13   1        TF0=0;//定时器标志位清0
  14   1        TR0=1;//开启定时器1
  15   1        TH0=0;//赋初值
  16   1        TL0=0;
  17   1        ET0=1;//开启中断
  18   1        EA=1;
  19   1        PT0=0;
  20   1      }
  21          
  22          void Timer0_SetCounter(unsigned int Value)
  23          {
  24   1        TH0=Value/256;
  25   1        TL0=Value%256;
  26   1      }
  27          
  28          unsigned int Timer0_GetCounter()
  29          {
  30   1        return (TH0<<8)|TL0;
  31   1      }
  32          
  33          void Timer0_Run(unsigned char Flag)
  34          {
  35   1        TR0=Flag;
  36   1      }


MODULE INFORMATION:   STATIC OVERLAYABLE
   CODE SIZE        =     48    ----
   CONSTANT SIZE    =   ----    ----
   XDATA SIZE       =   ----    ----
   PDATA SIZE       =   ----    ----
   DATA SIZE        =   ----    ----
   IDATA SIZE       =   ----    ----
   BIT SIZE         =   ----    ----
END OF MODULE INFORMATION.


C51 COMPILATION COMPLETE.  0 WARNING(S),  0 ERROR(S)
