C51 COMPILER V9.54   MAIN                                                                  05/07/2023 21:52:11 PAGE 1   


C51 COMPILER V9.54, COMPILATION OF MODULE MAIN
OBJECT MODULE PLACED IN .\Objects\main.obj
COMPILER INVOKED BY: D:\Keil_v5\C51\BIN\C51.EXE main.c OPTIMIZE(8,SPEED) BROWSE DEBUG OBJECTEXTEND PRINT(.\Listings\main
                    -.lst) TABS(2) OBJECT(.\Objects\main.obj)

line level    source

   1          #include <REGX52.H>
   2          #include "Delay.h"
   3          
   4          sbit RCK=P3^5;
   5          sbit SCK=P3^6;
   6          sbit SER=P3^4;
   7          
   8          void _74HC595_WriteByte(unsigned char Byte)//写一位数据到74HC595里面
   9          {
  10   1        unsigned char i;
  11   1        for(i=0;i<8;i++)
  12   1        {
  13   2          SER=Byte&(0x80>>i);//高位先写，所以先&上0x80
  14   2          SCK=1;//给一个上升岩数据一位
  15   2      //    Delay(1);
  16   2          SCK=0;//置1，下次就可以再给一个上升沿将数据移位
  17   2        }
  18   1        RCK=1;//给一个上升岩将8位数据移位
  19   1      //  Delay(1);
  20   1        RCK=0;
  21   1      }
  22          
  23          void MatrixLed_ShowColumn(unsigned char Colum,Data)//位选，段选
  24          {
  25   1        _74HC595_WriteByte(Data);
  26   1        P0=~(0x80>>Colum);
  27   1        Delay(1);
  28   1        P0=0xff;//位清0
  29   1      }
  30          
  31          void main()
  32          {
  33   1        SCK=0;//因为上电默认是高电平，所以要置1
  34   1        RCK=0;
  35   1        MatrixLed_ShowColumn(7,0xaa);
  36   1        while(1)
  37   1        {
  38   2            MatrixLed_ShowColumn(0,0x3c);
  39   2            MatrixLed_ShowColumn(1,0x42);
  40   2            MatrixLed_ShowColumn(2,0xa9);
  41   2            MatrixLed_ShowColumn(3,0x85);
  42   2            MatrixLed_ShowColumn(4,0x85);
  43   2            MatrixLed_ShowColumn(5,0xa9);
  44   2            MatrixLed_ShowColumn(6,0x42);
  45   2            MatrixLed_ShowColumn(7,0x3c);
  46   2        }
  47   1      }


MODULE INFORMATION:   STATIC OVERLAYABLE
   CODE SIZE        =    166    ----
   CONSTANT SIZE    =   ----    ----
   XDATA SIZE       =   ----    ----
   PDATA SIZE       =   ----    ----
C51 COMPILER V9.54   MAIN                                                                  05/07/2023 21:52:11 PAGE 2   

   DATA SIZE        =   ----    ----
   IDATA SIZE       =   ----    ----
   BIT SIZE         =   ----    ----
END OF MODULE INFORMATION.


C51 COMPILATION COMPLETE.  0 WARNING(S),  0 ERROR(S)
