C51 COMPILER V9.54   I2C                                                                   05/14/2023 20:40:03 PAGE 1   


C51 COMPILER V9.54, COMPILATION OF MODULE I2C
OBJECT MODULE PLACED IN .\Objects\I2C.obj
COMPILER INVOKED BY: D:\Keil_v5\C51\BIN\C51.EXE I2C.c OPTIMIZE(8,SPEED) BROWSE DEBUG OBJECTEXTEND PRINT(.\Listings\I2C.l
                    -st) TABS(2) OBJECT(.\Objects\I2C.obj)

line level    source

   1          #include <REGX52.H>
   2          
   3          sbit I2C_SCL=P2^1;
   4          sbit I2C_SDA=P2^0;
   5          
   6          void I2C_Start()
   7          {
   8   1        I2C_SDA=1;
   9   1        I2C_SCL=1;
  10   1        I2C_SDA=0;
  11   1        I2C_SCL=0;
  12   1      }
  13          
  14          void I2C_Stop()
  15          {
  16   1        I2C_SDA=0;
  17   1        I2C_SCL=1;
  18   1        I2C_SDA=1;
  19   1      }
  20          
  21          void I2C_SendByte(unsigned char Byte)
  22          {
  23   1        unsigned char i;
  24   1        for(i=0;i<8;i++)
  25   1        {
  26   2          I2C_SDA=Byte&(0x80>>i);
  27   2          I2C_SCL=1;
  28   2          I2C_SCL=0;
  29   2        }
  30   1        I2C_SDA=0;
  31   1      }
  32          
  33          unsigned char I2_ReceiveByte()
  34          {
  35   1        unsigned char Byte=0x00,i;
  36   1        I2C_SDA=1;
  37   1        for(i=0;i<8;i++)
  38   1        {
  39   2        I2C_SCL=1;
  40   2        if(I2C_SDA){Byte|=(0X80>>i);}
  41   2        I2C_SCL=0;
  42   2        }
  43   1        return Byte;
  44   1      }
  45          
  46          void I2C_SendAck(bit AckBit)
  47          {
  48   1        I2C_SDA=AckBit;
  49   1        I2C_SCL=1;
  50   1        I2C_SCL=0;
  51   1      }
  52          
  53          unsigned char I2C_ReceiveAck()
  54          {
C51 COMPILER V9.54   I2C                                                                   05/14/2023 20:40:03 PAGE 2   

  55   1        unsigned char AckBit;
  56   1        I2C_SDA=1;
  57   1        I2C_SCL=1;
  58   1        AckBit=I2C_SDA;
  59   1        I2C_SCL=0;
  60   1        return AckBit;  
  61   1      }


MODULE INFORMATION:   STATIC OVERLAYABLE
   CODE SIZE        =    110    ----
   CONSTANT SIZE    =   ----    ----
   XDATA SIZE       =   ----    ----
   PDATA SIZE       =   ----    ----
   DATA SIZE        =   ----    ----
   IDATA SIZE       =   ----    ----
   BIT SIZE         =   ----       1
END OF MODULE INFORMATION.


C51 COMPILATION COMPLETE.  0 WARNING(S),  0 ERROR(S)
