C51 COMPILER V9.54   KEY                                                                   05/14/2023 20:17:00 PAGE 1   


C51 COMPILER V9.54, COMPILATION OF MODULE KEY
OBJECT MODULE PLACED IN .\Objects\Key.obj
COMPILER INVOKED BY: D:\Keil_v5\C51\BIN\C51.EXE Key.c OPTIMIZE(8,SPEED) BROWSE DEBUG OBJECTEXTEND PRINT(.\Listings\Key.l
                    -st) TABS(2) OBJECT(.\Objects\Key.obj)

line level    source

   1          #include <REGX52.H>
   2          #include "Delay.h"
   3          
   4          unsigned char KK;
   5          
   6          unsigned char Key()
   7          {
   8   1        unsigned char Temp=0;
   9   1        Temp=KK;
  10   1        KK=0;
  11   1        return Temp;
  12   1      }
  13          
  14          unsigned char KeyGet()
  15          {
  16   1        unsigned char KeyNumber=0;
  17   1        
  18   1        if(P3_1==0){KeyNumber=1;}
  19   1        if(P3_0==0){KeyNumber=2;}
  20   1        if(P3_2==0){KeyNumber=3;}
  21   1        if(P3_3==0){KeyNumber=4;}
  22   1        
  23   1        return KeyNumber;
  24   1      }
  25          
  26          void Key_Loop(void)
  27          {
  28   1        static unsigned char NOW,LAST;
  29   1        LAST=NOW;
  30   1        NOW=KeyGet();
  31   1        if(LAST==1&&NOW==0){KK=1;}
  32   1        if(LAST==2&&NOW==0){KK=2;}
  33   1        if(LAST==3&&NOW==0){KK=3;}
  34   1        if(LAST==4&&NOW==0){KK=4;}
  35   1      }


MODULE INFORMATION:   STATIC OVERLAYABLE
   CODE SIZE        =     85    ----
   CONSTANT SIZE    =   ----    ----
   XDATA SIZE       =   ----    ----
   PDATA SIZE       =   ----    ----
   DATA SIZE        =      3    ----
   IDATA SIZE       =   ----    ----
   BIT SIZE         =   ----    ----
END OF MODULE INFORMATION.


C51 COMPILATION COMPLETE.  0 WARNING(S),  0 ERROR(S)
