C51 COMPILER V9.54   MAIN                                                                  05/05/2023 23:54:22 PAGE 1   


C51 COMPILER V9.54, COMPILATION OF MODULE MAIN
OBJECT MODULE PLACED IN .\Objects\main.obj
COMPILER INVOKED BY: D:\Keil_v5\C51\BIN\C51.EXE main.c OPTIMIZE(8,SPEED) BROWSE DEBUG OBJECTEXTEND PRINT(.\Listings\main
                    -.lst) TABS(2) OBJECT(.\Objects\main.obj)

line level    source

   1          #include <REGX52.H>
   2          #include "Delay.h"
   3          #include "Key.h"
   4          #include "Timer0.h"
   5          #include "LCD1602.h"
   6          
   7          unsigned char shi,fen,miao,set,K;
   8          
   9          void main()
  10          {
  11   1        LCD_Init();
  12   1        Timer_Init();
  13   1        LCD_ShowString(2,1,"hello");
  14   1        LCD_ShowString(1,1,"  :  :");
  15   1      
  16   1        while(1)
  17   1        {
  18   2          K=Key();
  19   2          if(K==1)
  20   2          {
  21   3            set++;
  22   3          }
  23   2          
  24   2              if(set==1)
  25   2          {
  26   3      
  27   3            if(K==2)
  28   3            {
  29   4              shi++;
  30   4            }
  31   3            if(K==3)
  32   3            {
  33   4              shi--;
  34   4            }
  35   3          }
  36   2          if(set==2)
  37   2          {
  38   3            if(K==2)
  39   3            {
  40   4              fen++;
  41   4            }
  42   3            if(K==3)
  43   3            {
  44   4              fen--;
  45   4            }
  46   3          }
  47   2          if(set>=3)
  48   2          {
  49   3            set=0;
  50   3          }
  51   2      
  52   2          LCD_ShowNum(1,1,shi,2);
  53   2          LCD_ShowNum(1,4,fen,2);
  54   2          LCD_ShowNum(1,7,miao,2);
C51 COMPILER V9.54   MAIN                                                                  05/05/2023 23:54:22 PAGE 2   

  55   2          LCD_ShowNum(2,7,set,2);
  56   2      
  57   2        }
  58   1      }
  59          
  60          
  61          void Timer0_Routine() interrupt 1
  62          {
  63   1          static unsigned int count;
  64   1          TH0=64535/256;
  65   1          TL0=64535%256;
  66   1          count++;
  67   1          if(count>1000)
  68   1          {
  69   2                count=0;
  70   2                miao++;         
  71   2                if(miao>=60)
  72   2                {
  73   3                  fen++;
  74   3                  miao=0;
  75   3                  if(fen>=60)
  76   3                  {
  77   4                  shi++;
  78   4                  fen=0;
  79   4                    if(shi>=24)
  80   4                    {
  81   5                      shi=0;
  82   5                    }
  83   4                  }
  84   3                }
  85   2          }
  86   1      
  87   1      
  88   1      }


MODULE INFORMATION:   STATIC OVERLAYABLE
   CODE SIZE        =    225    ----
   CONSTANT SIZE    =     13    ----
   XDATA SIZE       =   ----    ----
   PDATA SIZE       =   ----    ----
   DATA SIZE        =      7    ----
   IDATA SIZE       =   ----    ----
   BIT SIZE         =   ----    ----
END OF MODULE INFORMATION.


C51 COMPILATION COMPLETE.  0 WARNING(S),  0 ERROR(S)
