C51 COMPILER V9.54   MAIN                                                                  05/05/2023 21:09:00 PAGE 1   


C51 COMPILER V9.54, COMPILATION OF MODULE MAIN
OBJECT MODULE PLACED IN .\Objects\main.obj
COMPILER INVOKED BY: D:\Keil_v5\C51\BIN\C51.EXE main.c OPTIMIZE(8,SPEED) BROWSE DEBUG OBJECTEXTEND PRINT(.\Listings\main
                    -.lst) TABS(2) OBJECT(.\Objects\main.obj)

line level    source

   1          #include <REGX52.H>
   2          #include "Delay.h"
   3          
   4          unsigned int Key()
   5          {
   6   1        unsigned int k=0;
   7   1        if(P3_1==0){Delay(20);while(P3_1==0);Delay(20);k=1;}
   8   1        if(P3_0==0){Delay(20);while(P3_0==0);Delay(20);k=2;}
   9   1        if(P3_2==0){Delay(20);while(P3_2==0);Delay(20);k=3;}
  10   1        if(P3_3==0){Delay(20);while(P3_3==0);Delay(20);k=4;}
  11   1        
  12   1        return k;
  13   1      }
  14          
  15          void main()
  16          {
  17   1        char i=0;
  18   1        unsigned char K;
  19   1        P2=~0X01;
  20   1        while(1)
  21   1        {
  22   2          K=Key();
  23   2          if(K==1)
  24   2          {
  25   3            i++;            
  26   3            if(i>=8)
  27   3            {
  28   4              i=0;
  29   4            }
  30   3            P2=~(0X01<<i);      
  31   3          }
  32   2          if(K==2)
  33   2          {
  34   3            i--;      
  35   3            if(i<0)
  36   3            {
  37   4              i=7;
  38   4            }
  39   3            P2=~(0X01<<i);      
  40   3          }
  41   2        }
  42   1      }


MODULE INFORMATION:   STATIC OVERLAYABLE
   CODE SIZE        =    190    ----
   CONSTANT SIZE    =   ----    ----
   XDATA SIZE       =   ----    ----
   PDATA SIZE       =   ----    ----
   DATA SIZE        =   ----       3
   IDATA SIZE       =   ----    ----
   BIT SIZE         =   ----    ----
END OF MODULE INFORMATION.


C51 COMPILATION COMPLETE.  0 WARNING(S),  0 ERROR(S)
