C51 COMPILER V9.54   MAIN                                                                  05/18/2023 23:41:27 PAGE 1   


C51 COMPILER V9.54, COMPILATION OF MODULE MAIN
OBJECT MODULE PLACED IN .\Objects\main.obj
COMPILER INVOKED BY: D:\Keil_v5\C51\BIN\C51.EXE main.c OPTIMIZE(8,SPEED) BROWSE DEBUG OBJECTEXTEND PRINT(.\Listings\main
                    -.lst) TABS(2) OBJECT(.\Objects\main.obj)

line level    source

   1          #include <REGX52.H>
   2          #include "Timer0.h"
   3          #include "Delay.h"
   4          
   5          unsigned char Ton;
   6          void main()
   7          {
   8   1        int i,j;
   9   1        Timer_Init();
  10   1        while(1)
  11   1        {
  12   2            for(j=0;j<100;j++){
  13   3            for(i=0;i<10;i++)
  14   3              {
  15   4                if(i==9)
  16   4                {
  17   5                  Ton++;
  18   5                }
  19   4              }
  20   3            }
  21   2            
  22   2            for(j=0;j<100;j++){
  23   3            for(i=0;i<10;i++)
  24   3              {
  25   4                if(i==9)
  26   4                {
  27   5                  Ton--;
  28   5                }
  29   4              }
  30   3            }
  31   2      
  32   2        }
  33   1      }
  34          
  35          void Timer0_Routine() interrupt 1
  36          {
  37   1          static unsigned int count;
  38   1          TH0=65525/256;
  39   1          TL0=65525%256;
  40   1          count++;
  41   1          count%=100;
  42   1          if(count>=Ton)
  43   1          {
  44   2            P2_1=0;
  45   2          }
  46   1          else
  47   1          {
  48   2            P2_1=1;
  49   2          }
  50   1      
  51   1      }


MODULE INFORMATION:   STATIC OVERLAYABLE
C51 COMPILER V9.54   MAIN                                                                  05/18/2023 23:41:27 PAGE 2   

   CODE SIZE        =    177    ----
   CONSTANT SIZE    =   ----    ----
   XDATA SIZE       =   ----    ----
   PDATA SIZE       =   ----    ----
   DATA SIZE        =      3       2
   IDATA SIZE       =   ----    ----
   BIT SIZE         =   ----    ----
END OF MODULE INFORMATION.


C51 COMPILATION COMPLETE.  0 WARNING(S),  0 ERROR(S)
