C51 COMPILER V9.54   MAIN                                                                  05/07/2023 20:11:58 PAGE 1   


C51 COMPILER V9.54, COMPILATION OF MODULE MAIN
OBJECT MODULE PLACED IN .\Objects\main.obj
COMPILER INVOKED BY: D:\Keil_v5\C51\BIN\C51.EXE main.c OPTIMIZE(8,SPEED) BROWSE DEBUG OBJECTEXTEND PRINT(.\Listings\main
                    -.lst) TABS(2) OBJECT(.\Objects\main.obj)

line level    source

   1          #include <REGX52.H>
   2          #include "Delay.h"
   3          #include "LCD1602.h"
   4          #include "MatrixKey.h"
   5          
   6          unsigned int Password;//定义输入的密码
   7          
   8          //void main()
   9          //{
  10          //  unsigned char K=0,count=0;//获取的按键键码值，计次
  11          //  LCD_Init();//初始化LCD显示屏
  12          //  LCD_ShowString(1,1,"Passworld: ");//显示字符串
  13          //  while(1)
  14          //  {
  15          //    K=MatrixKey();//获取按键值
  16          //    if(K)
  17          //    {
  18          //        if(K<=10)//按键按s1-s10;
  19          //        {
  20          //          count++;//计次
  21          //          if(count<=4)
  22          //          {
  23          //            Password*=10;//输入的密码值范围是0-9999
  24          //            Password+=K%10; 
  25          //          }
  26          //            LCD_ShowNum(2,1,Password,4);    //显示输入的密码                  
  27          //        }
  28          //        if(K==11)//清除输入密码的操作
  29          //        {
  30          //          Password=0;//输入密码清0
  31          //          count=0;//计次清零
  32          //          LCD_ShowNum(2,1,Password,4);//显示密码
  33          //          LCD_ShowString(1,1,"Passworld:      ");//显示更新
  34          //          
  35          //        }
  36          //        if(K==12)
  37          //        {
  38          //          if(Password==1234)//输入正确密码1234
  39          //          {
  40          //            LCD_ShowString(1,1,"Passworld:   ok");            
  41          //            Password=0;
  42          //            count=0;
  43          //            LCD_ShowNum(2,1,Password,4);                                  
  44          //          }
  45          //          else//否则显示错误，输入的密码清空
  46          //          {
  47          //            Password=0;
  48          //            LCD_ShowString(1,1,"Passworld:  err");
  49          //            count=0;
  50          //            LCD_ShowNum(2,1,Password,4);                      
  51          //            
  52          //          }
  53          //        }
  54          //    }
C51 COMPILER V9.54   MAIN                                                                  05/07/2023 20:11:58 PAGE 2   

  55          //  }
  56          //}
  57          
  58          void main()
  59          {
  60   1        unsigned char K=0,count=0;//获取的按键键码值，计次
  61   1        LCD_Init();//初始化LCD显示屏
  62   1        LCD_ShowString(1,1,"Passworld: ");//显示字符串
  63   1        while(1)
  64   1        {
  65   2          K=MatrixKey();//获取按键值
  66   2          if(K)
  67   2          {
  68   3              if(K<=10)//按键按s1-s10;
  69   3              {
  70   4                count++;//计次
  71   4                if(count<=4)
  72   4                {
  73   5                  Password*=10;//输入的密码值范围是0-9999
  74   5                  Password+=K%10; 
  75   5                }
  76   4      //            LCD_ShowNum(2,1,Password,4);    //显示输入的密码                  
  77   4              }
  78   3              if(K==11)//清除输入密码的操作
  79   3              {
  80   4                Password=0;//输入密码清0
  81   4                count=0;//计次清零
  82   4      //          LCD_ShowNum(2,1,Password,4);//显示密码
  83   4                LCD_ShowString(1,1,"Passworld:      ");//显示更新
  84   4                
  85   4              }
  86   3              if(K==12)
  87   3              {
  88   4                if(Password==1234)//输入正确密码1234
  89   4                {
  90   5                  LCD_ShowString(1,1,"Passworld:   ok");            
  91   5                  Password=0;
  92   5                  count=0;
  93   5      //            LCD_ShowNum(2,1,Password,4);                                  
  94   5                }
  95   4                else//否则显示错误，输入的密码清空
  96   4                {
  97   5                  Password=0;
  98   5                  LCD_ShowString(1,1,"Passworld:  err");//更新显示
  99   5                  count=0;
 100   5      //            LCD_ShowNum(2,1,Password,4);                      
 101   5                  
 102   5                }
 103   4              }
 104   3              LCD_ShowNum(2,1,Password,4);
 105   3          }
 106   2        }
 107   1      }


MODULE INFORMATION:   STATIC OVERLAYABLE
   CODE SIZE        =    176    ----
   CONSTANT SIZE    =     61    ----
   XDATA SIZE       =   ----    ----
   PDATA SIZE       =   ----    ----
   DATA SIZE        =      2       2
   IDATA SIZE       =   ----    ----
C51 COMPILER V9.54   MAIN                                                                  05/07/2023 20:11:58 PAGE 3   

   BIT SIZE         =   ----    ----
END OF MODULE INFORMATION.


C51 COMPILATION COMPLETE.  0 WARNING(S),  0 ERROR(S)
