C51 COMPILER V9.54   MAIN                                                                  05/05/2023 23:19:40 PAGE 1   


C51 COMPILER V9.54, COMPILATION OF MODULE MAIN
OBJECT MODULE PLACED IN .\Objects\main.obj
COMPILER INVOKED BY: D:\Keil_v5\C51\BIN\C51.EXE main.c OPTIMIZE(8,SPEED) BROWSE DEBUG OBJECTEXTEND PRINT(.\Listings\main
                    -.lst) TABS(2) OBJECT(.\Objects\main.obj)

line level    source

   1          #include <REGX52.H>
   2          #include "Timer0.h"
   3          #include "Key.h"
   4          #include <INTRINS.H>
   5          
   6          unsigned char MODE;
   7          
   8          void main()
   9          {
  10   1      
  11   1        unsigned char K;
  12   1        P2=0xfe;
  13   1        Timer_Init();
  14   1        while(1)
  15   1        {
  16   2          K=Key();
  17   2          if(K==1)
  18   2          {
  19   3            MODE=!MODE;
  20   3          }
  21   2      
  22   2        }
  23   1      }
  24          
  25          void Timer0_Routine() interrupt 1
  26          {
  27   1          static unsigned int count;
  28   1          TH0=64535/256;
  29   1          TL0=64535%256;
  30   1          count++;
  31   1          if(count>1000)
  32   1          {
  33   2                count=0;
  34   2                if(MODE==1)
  35   2                {
  36   3                  P2=_crol_(P2,1);
  37   3                }
  38   2                if(MODE==0)
  39   2                {
  40   3                  P2=_cror_(P2,1);
  41   3                }
  42   2          }
  43   1      
  44   1      
  45   1      }


MODULE INFORMATION:   STATIC OVERLAYABLE
   CODE SIZE        =    110    ----
   CONSTANT SIZE    =   ----    ----
   XDATA SIZE       =   ----    ----
   PDATA SIZE       =   ----    ----
   DATA SIZE        =      3    ----
   IDATA SIZE       =   ----    ----
C51 COMPILER V9.54   MAIN                                                                  05/05/2023 23:19:40 PAGE 2   

   BIT SIZE         =   ----    ----
END OF MODULE INFORMATION.


C51 COMPILATION COMPLETE.  0 WARNING(S),  0 ERROR(S)
